#
# A fatal error has been detected by the Java Runtime Environment:
#
#  SIGSEGV (0xb) at pc=0x0000000124f373fd, pid=2295, tid=1811
#
# JRE version: Java(TM) SE Runtime Environment (8.0_31-b13) (build 1.8.0_31-b13)
# Java VM: Java HotSpot(TM) 64-Bit Server VM (25.31-b07 mixed mode bsd-amd64 compressed oops)
# Problematic frame:
# C  [libglass.dylib+0x163fd]  GlassScreenDidChangeScreenParameters+0x9d
#
# Failed to write core dump. Core dumps have been disabled. To enable core dumping, try "ulimit -c unlimited" before starting Java again
#
# If you would like to submit a bug report, please visit:
#   http://bugreport.java.com/bugreport/crash.jsp
#

---------------  T H R E A D  ---------------

Current thread is native thread

siginfo: si_signo: 11 (SIGSEGV), si_code: 1 (SEGV_MAPERR), si_addr: 0x0000000000000000

Registers:
RAX=0x0000000124f69e40, RBX=0x0000000000000000, RCX=0xbf005663f625cce4, RDX=0x00007fd4b35b7770
RSP=0x00007fff54c8e160, RBP=0x00007fff54c8e170, RSI=0x00007fd4b360c3d8, RDI=0x0000000000000000
R8 =0x00007fff54c8e010, R9 =0x00007fff77fbd300, R10=0x0000000000000000, R11=0x0000000000000246
R12=0x00007fd4b3616b80, R13=0x00000000000f426a, R14=0x00007fd4b341a890, R15=0x00007fff54c8e2b0
RIP=0x0000000124f373fd, EFLAGS=0x0000000000010202, ERR=0x0000000000000004
  TRAPNO=0x000000000000000e

Top of Stack: (sp=0x00007fff54c8e160)
0x00007fff54c8e160:   00007fff54c8e340 00007fd4b341a890
0x00007fff54c8e170:   00007fff54c8e180 00007fff8be3a45c
0x00007fff54c8e180:   00007fff54c8e4e0 00007fff8bd2a634
0x00007fff54c8e190:   00007fff54c8e1e0 0000000000001400
0x00007fff54c8e1a0:   00007fff7724bed0 00007fd4b8341160
0x00007fff54c8e1b0:   0000000000001002 0000000000000e88
0x00007fff54c8e1c0:   00007fd4b8341160 00007fd4b341a890
0x00007fff54c8e1d0:   0000000000000000 00007fff54c8e2b0
0x00007fff54c8e1e0:   0000000000000000 00007fd4b341a850
0x00007fff54c8e1f0:   00007fff54c8e330 000000000000009b
0x00007fff54c8e200:   00000000000f43ae 00007fd4b3756240
0x00007fff54c8e210:   00007fd4b3734ec0 00007fd4b3616b80
0x00007fff54c8e220:   0000000000000001 00000000000f426a
0x00007fff54c8e230:   00007fd4b3616b70 00007fff86970acb
0x00007fff54c8e240:   0000000000000001 0000000000000001
0x00007fff54c8e250:   0000000000000030 0000000000000001
0x00007fff54c8e260:   00007fff54c8e280 00007fff86976231
0x00007fff54c8e270:   00007fff77249fb0 0000000000000000
0x00007fff54c8e280:   00007fff54c8e2a0 000000000000001e
0x00007fff54c8e290:   0006b9030000000c 00007fd4b3616ba4
0x00007fff54c8e2a0:   0000000000000000 00007fff8bd2010f
0x00007fff54c8e2b0:   00007fd4b341a890 00007fff77249fb0
0x00007fff54c8e2c0:   00007fff54c8e340 0000000000000001
0x00007fff54c8e2d0:   00007fff54c8e310 00007fff8697053e
0x00007fff54c8e2e0:   000000010af8ca00 0000000000000002
0x00007fff54c8e2f0:   000000010af89000 00007fd4b3748aa2
0x00007fff54c8e300:   0000000000000003 000000010af8de00
0x00007fff54c8e310:   00007fff54c8e400 00007fff8696f2a2
0x00007fff54c8e320:   00007fd4b3734a50 00007fff54c8e4e8
0x00007fff54c8e330:   0000000000000017 0000000000000000
0x00007fff54c8e340:   00000000000f426a 00007fff8bd20403
0x00007fff54c8e350:   00007fff00000000 00007fd4b365a330 

Instructions: (pc=0x0000000124f373fd)
0x0000000124f373dd:   89 df 4c 89 f1 41 ff 90 68 04 00 00 48 8d 05 58
0x0000000124f373ed:   29 03 00 48 8b 30 48 8d 05 46 2a 03 00 48 8b 10
0x0000000124f373fd:   48 8b 0b 30 c0 48 89 df ff 91 68 04 00 00 48 8b
0x0000000124f3740d:   03 48 89 df ff 50 78 48 85 c0 74 36 49 89 c6 48 

Register to memory mapping:

RAX=0x0000000124f69e40: jScreenNotifySettingsChanged+0 in /Library/Java/JavaVirtualMachines/jdk1.8.0_31.jdk/Contents/Home/jre/lib/libglass.dylib at 0x0000000124f21000
RBX=0x0000000000000000 is an unknown value
RCX=0xbf005663f625cce4 is an unknown value
RDX=0x00007fd4b35b7770 is an unknown value
RSP=0x00007fff54c8e160 is an unknown value
RBP=0x00007fff54c8e170 is an unknown value
RSI=0x00007fd4b360c3d8 is a global jni handle
RDI=0x0000000000000000 is an unknown value
R8 =0x00007fff54c8e010 is an unknown value
R9 =0x00007fff77fbd300: _thread+0 in /usr/lib/system/libsystem_pthread.dylib at 0x00007fff907bb000
R10=0x0000000000000000 is an unknown value
R11=0x0000000000000246 is an unknown value
R12=0x00007fd4b3616b80 is an unknown value
R13=0x00000000000f426a is an unknown value
R14=0x00007fd4b341a890 is an unknown value
R15=0x00007fff54c8e2b0 is an unknown value


Stack: [0x00007fff54491000,0x00007fff54c91000],  sp=0x00007fff54c8e160,  free space=8180k
Native frames: (J=compiled Java code, j=interpreted, Vv=VM code, C=native code)
C  [libglass.dylib+0x163fd]  GlassScreenDidChangeScreenParameters+0x9d
C  [CoreFoundation+0x12045c]  __CFNOTIFICATIONCENTER_IS_CALLING_OUT_TO_AN_OBSERVER__+0xc
C  [CoreFoundation+0x10634]  _CFXNotificationPost+0xc44
C  [Foundation+0x79d1]  -[NSNotificationCenter postNotificationName:object:userInfo:]+0x42
C  [AppKit+0x40df7e]  -[NSApplication _reactToScreenInvalidationImmediately:]+0x17b
C  [AppKit+0x40ddc7]  __44-[NSApplication _reactToScreenInvalidation:]_block_invoke+0x4b
C  [CoreFoundation+0x808ec]  __CFRUNLOOP_IS_CALLING_OUT_TO_A_BLOCK__+0xc
C  [CoreFoundation+0x729f5]  __CFRunLoopDoBlocks+0x155
C  [CoreFoundation+0x72536]  __CFRunLoopRun+0x716
C  [CoreFoundation+0x71bd8]  CFRunLoopRunSpecific+0x128
C  [java+0x56cc]  CreateExecutionEnvironment+0x367
C  [java+0x165c]  JLI_Launch+0x7a0
C  [java+0x768a]  main+0x65
C  [java+0xeb4]  start+0x34


---------------  P R O C E S S  ---------------

VM state:not at safepoint (normal execution)

VM Mutex/Monitor currently owned by a thread: None

Heap:
 PSYoungGen      total 38400K, used 10591K [0x0000000795580000, 0x0000000798000000, 0x00000007c0000000)
  eden space 33280K, 16% used [0x0000000795580000,0x0000000795ade690,0x0000000797600000)
  from space 5120K, 99% used [0x0000000797b00000,0x0000000797ff98d0,0x0000000798000000)
  to   space 5120K, 0% used [0x0000000797600000,0x0000000797600000,0x0000000797b00000)
 ParOldGen       total 87552K, used 8091K [0x0000000740000000, 0x0000000745580000, 0x0000000795580000)
  object space 87552K, 9% used [0x0000000740000000,0x00000007407e6db8,0x0000000745580000)
 Metaspace       used 19935K, capacity 20884K, committed 21120K, reserved 1067008K
  class space    used 2743K, capacity 2925K, committed 2944K, reserved 1048576K

Card table byte_map: [0x000000011bcc3000,0x000000011c0c4000] byte_map_base: 0x00000001182c3000

Marking Bits: (ParMarkBitMap*) 0x000000010b90b410
 Begin Bits: [0x000000011c77b000, 0x000000011e77b000)
 End Bits:   [0x000000011e77b000, 0x000000012077b000)

Polling page: 0x000000010bfe5000

CodeCache: size=245760Kb used=7776Kb max_used=7776Kb free=237983Kb
 bounds [0x000000010c903000, 0x000000010d0a3000, 0x000000011b903000]
 total_blobs=3299 nmethods=2597 adapters=616
 compilation: enabled

Compilation events (10 events):
Event: 778.152 Thread 0x00007fd4b4012800 2626       3       java.lang.invoke.LambdaForm::interpretName (121 bytes)
Event: 778.153 Thread 0x00007fd4b4012800 nmethod 2626 0x000000010d09cf90 code [0x000000010d09d160, 0x000000010d09d878]
Event: 778.153 Thread 0x00007fd4b4012800 2627       3       java.lang.invoke.LambdaForm$NamedFunction::invokeWithArguments (50 bytes)
Event: 778.154 Thread 0x00007fd4b4012800 nmethod 2627 0x000000010d09db90 code [0x000000010d09ddc0, 0x000000010d09ebf8]
Event: 778.154 Thread 0x00007fd4b4012800 2628       3       java.lang.invoke.LambdaForm::access$200 (4 bytes)
Event: 778.154 Thread 0x00007fd4b4012800 nmethod 2628 0x000000010d09f250 code [0x000000010d09f3a0, 0x000000010d09f4d0]
Event: 778.154 Thread 0x00007fd4b4012800 2629       3       java.lang.invoke.LambdaForm$NamedFunction::invoker (28 bytes)
Event: 778.154 Thread 0x00007fd4b4012800 nmethod 2629 0x000000010d09f550 code [0x000000010d09f6e0, 0x000000010d09fb98]
Event: 778.154 Thread 0x00007fd4b4012800 2630       3       java.lang.invoke.LambdaForm$NamedFunction::resolvedHandle (16 bytes)
Event: 778.154 Thread 0x00007fd4b4012800 nmethod 2630 0x000000010d09fd10 code [0x000000010d09fee0, 0x000000010d0a0638]

GC Heap History (4 events):
Event: 1.984 GC heap before
{Heap before GC invocations=1 (full 0):
 PSYoungGen      total 38400K, used 32661K [0x0000000795580000, 0x0000000798000000, 0x00000007c0000000)
  eden space 33280K, 98% used [0x0000000795580000,0x00000007975655c0,0x0000000797600000)
  from space 5120K, 0% used [0x0000000797b00000,0x0000000797b00000,0x0000000798000000)
  to   space 5120K, 0% used [0x0000000797600000,0x0000000797600000,0x0000000797b00000)
 ParOldGen       total 87552K, used 0K [0x0000000740000000, 0x0000000745580000, 0x0000000795580000)
  object space 87552K, 0% used [0x0000000740000000,0x0000000740000000,0x0000000745580000)
 Metaspace       used 14166K, capacity 14650K, committed 14848K, reserved 1062912K
  class space    used 2102K, capacity 2190K, committed 2304K, reserved 1048576K
Event: 1.997 GC heap after
Heap after GC invocations=1 (full 0):
 PSYoungGen      total 38400K, used 4631K [0x0000000795580000, 0x0000000798000000, 0x00000007c0000000)
  eden space 33280K, 0% used [0x0000000795580000,0x0000000795580000,0x0000000797600000)
  from space 5120K, 90% used [0x0000000797600000,0x0000000797a85ed0,0x0000000797b00000)
  to   space 5120K, 0% used [0x0000000797b00000,0x0000000797b00000,0x0000000798000000)
 ParOldGen       total 87552K, used 80K [0x0000000740000000, 0x0000000745580000, 0x0000000795580000)
  object space 87552K, 0% used [0x0000000740000000,0x0000000740014010,0x0000000745580000)
 Metaspace       used 14166K, capacity 14650K, committed 14848K, reserved 1062912K
  class space    used 2102K, capacity 2190K, committed 2304K, reserved 1048576K
}
Event: 183.911 GC heap before
{Heap before GC invocations=2 (full 0):
 PSYoungGen      total 38400K, used 37911K [0x0000000795580000, 0x0000000798000000, 0x00000007c0000000)
  eden space 33280K, 100% used [0x0000000795580000,0x0000000797600000,0x0000000797600000)
  from space 5120K, 90% used [0x0000000797600000,0x0000000797a85ed0,0x0000000797b00000)
  to   space 5120K, 0% used [0x0000000797b00000,0x0000000797b00000,0x0000000798000000)
 ParOldGen       total 87552K, used 80K [0x0000000740000000, 0x0000000745580000, 0x0000000795580000)
  object space 87552K, 0% used [0x0000000740000000,0x0000000740014010,0x0000000745580000)
 Metaspace       used 19874K, capacity 20726K, committed 20864K, reserved 1067008K
  class space    used 2738K, capacity 2918K, committed 2944K, reserved 1048576K
Event: 183.931 GC heap after
Heap after GC invocations=2 (full 0):
 PSYoungGen      total 38400K, used 5094K [0x0000000795580000, 0x0000000798000000, 0x00000007c0000000)
  eden space 33280K, 0% used [0x0000000795580000,0x0000000795580000,0x0000000797600000)
  from space 5120K, 99% used [0x0000000797b00000,0x0000000797ff98d0,0x0000000798000000)
  to   space 5120K, 0% used [0x0000000797600000,0x0000000797600000,0x0000000797b00000)
 ParOldGen       total 87552K, used 8091K [0x0000000740000000, 0x0000000745580000, 0x0000000795580000)
  object space 87552K, 9% used [0x0000000740000000,0x00000007407e6db8,0x0000000745580000)
 Metaspace       used 19874K, capacity 20726K, committed 20864K, reserved 1067008K
  class space    used 2738K, capacity 2918K, committed 2944K, reserved 1048576K
}

Deoptimization events (10 events):
Event: 42.090 Thread 0x00007fd4b40ae000 Uncommon trap: reason=array_check action=maybe_recompile pc=0x000000010ceb8ba4 method=com.sun.javafx.css.SimpleSelector.applies(Ljavafx/css/Styleable;[Ljava/util/Set;I)Z @ 37
Event: 42.090 Thread 0x00007fd4b40ae000 Uncommon trap: reason=array_check action=maybe_recompile pc=0x000000010ceb8ba4 method=com.sun.javafx.css.SimpleSelector.applies(Ljavafx/css/Styleable;[Ljava/util/Set;I)Z @ 37
Event: 42.090 Thread 0x00007fd4b40ae000 Uncommon trap: reason=array_check action=maybe_recompile pc=0x000000010ceb8ba4 method=com.sun.javafx.css.SimpleSelector.applies(Ljavafx/css/Styleable;[Ljava/util/Set;I)Z @ 37
Event: 42.265 Thread 0x00007fd4b40ae000 Uncommon trap: reason=array_check action=maybe_recompile pc=0x000000010cf44378 method=com.sun.javafx.css.CompoundSelector.applies(Ljavafx/css/Styleable;[Ljava/util/Set;I)Z @ 128
Event: 42.285 Thread 0x00007fd4b40ae000 Uncommon trap: reason=array_check action=maybe_recompile pc=0x000000010cf44378 method=com.sun.javafx.css.CompoundSelector.applies(Ljavafx/css/Styleable;[Ljava/util/Set;I)Z @ 128
Event: 42.295 Thread 0x00007fd4b40ae000 Uncommon trap: reason=array_check action=maybe_recompile pc=0x000000010cf44378 method=com.sun.javafx.css.CompoundSelector.applies(Ljavafx/css/Styleable;[Ljava/util/Set;I)Z @ 128
Event: 42.295 Thread 0x00007fd4b40ae000 Uncommon trap: reason=array_check action=maybe_recompile pc=0x000000010cf44378 method=com.sun.javafx.css.CompoundSelector.applies(Ljavafx/css/Styleable;[Ljava/util/Set;I)Z @ 128
Event: 42.461 Thread 0x00007fd4b40ae000 Uncommon trap: reason=unreached action=reinterpret pc=0x000000010cf287e0 method=com.sun.javafx.css.SimpleSelector.stateMatches(Ljavafx/css/Styleable;Ljava/util/Set;)Z @ 1
Event: 183.961 Thread 0x00007fd4b40ae000 Uncommon trap: reason=unreached action=reinterpret pc=0x000000010d04c39c method=com.sun.javafx.tk.quantum.QuantumToolkit.pulse(Z)V @ 55
Event: 778.149 Thread 0x00007fd4b40ea000 Uncommon trap: reason=unreached action=reinterpret pc=0x000000010d03f974 method=java.util.concurrent.locks.AbstractQueuedSynchronizer.enq(Ljava/util/concurrent/locks/AbstractQueuedSynchronizer$Node;)Ljava/util/concurrent/locks/AbstractQueuedSynchronizer$N

Internal exceptions (10 events):
Event: 42.200 Thread 0x00007fd4b40ae000 Exception <a 'java/security/PrivilegedActionException'> (0x0000000796913ae0) thrown at [/Users/java_re/workspace/8-2-build-macosx-x86_64/jdk8u31/2394/hotspot/src/share/vm/prims/jvm.cpp, line 1312]
Event: 42.200 Thread 0x00007fd4b40ae000 Exception <a 'java/security/PrivilegedActionException'> (0x0000000796915580) thrown at [/Users/java_re/workspace/8-2-build-macosx-x86_64/jdk8u31/2394/hotspot/src/share/vm/prims/jvm.cpp, line 1312]
Event: 42.210 Thread 0x00007fd4b40ae000 Exception <a 'java/security/PrivilegedActionException'> (0x0000000796935428) thrown at [/Users/java_re/workspace/8-2-build-macosx-x86_64/jdk8u31/2394/hotspot/src/share/vm/prims/jvm.cpp, line 1312]
Event: 42.210 Thread 0x00007fd4b40ae000 Exception <a 'java/security/PrivilegedActionException'> (0x0000000796936d28) thrown at [/Users/java_re/workspace/8-2-build-macosx-x86_64/jdk8u31/2394/hotspot/src/share/vm/prims/jvm.cpp, line 1312]
Event: 42.216 Thread 0x00007fd4b40ae000 Exception <a 'java/security/PrivilegedActionException'> (0x000000079694fb98) thrown at [/Users/java_re/workspace/8-2-build-macosx-x86_64/jdk8u31/2394/hotspot/src/share/vm/prims/jvm.cpp, line 1312]
Event: 42.216 Thread 0x00007fd4b40ae000 Exception <a 'java/security/PrivilegedActionException'> (0x00000007969514c8) thrown at [/Users/java_re/workspace/8-2-build-macosx-x86_64/jdk8u31/2394/hotspot/src/share/vm/prims/jvm.cpp, line 1312]
Event: 42.228 Thread 0x00007fd4b40ae000 Exception <a 'java/security/PrivilegedActionException'> (0x00000007969731d0) thrown at [/Users/java_re/workspace/8-2-build-macosx-x86_64/jdk8u31/2394/hotspot/src/share/vm/prims/jvm.cpp, line 1312]
Event: 42.228 Thread 0x00007fd4b40ae000 Exception <a 'java/security/PrivilegedActionException'> (0x0000000796975158) thrown at [/Users/java_re/workspace/8-2-build-macosx-x86_64/jdk8u31/2394/hotspot/src/share/vm/prims/jvm.cpp, line 1312]
Event: 42.411 Thread 0x00007fd4b40ae000 Exception <a 'java/security/PrivilegedActionException'> (0x0000000796c19d88) thrown at [/Users/java_re/workspace/8-2-build-macosx-x86_64/jdk8u31/2394/hotspot/src/share/vm/prims/jvm.cpp, line 1312]
Event: 42.461 Thread 0x00007fd4b40ae000 Implicit null exception at 0x000000010cf2827e to 0x000000010cf287b1

Events (10 events):
Event: 778.149 Thread 0x00007fd4b40ea000 DEOPT UNPACKING pc=0x000000010c907f69 sp=0x00000001285e1470 mode 2
Event: 778.151 loading class com/sun/javafx/tk/quantum/QuantumRenderer
Event: 778.151 loading class com/sun/javafx/tk/quantum/QuantumRenderer done
Event: 778.152 loading class com/sun/javafx/tk/quantum/QuantumToolkit
Event: 778.152 loading class com/sun/javafx/tk/quantum/QuantumToolkit done
Event: 778.152 Thread 0x00007fd4b4084000 Thread exited: 0x00007fd4b4084000
Event: 778.152 Thread 0x00007fd4b40ea000 Thread exited: 0x00007fd4b40ea000
Event: 778.152 Thread 0x00007fd4b4800800 Thread exited: 0x00007fd4b4800800
Event: 778.152 Thread 0x00007fd4b3923000 Thread added: 0x00007fd4b3923000
Event: 778.152 Thread 0x00007fd4b40ae000 Thread exited: 0x00007fd4b40ae000


Dynamic libraries:
0x00000000066b2000 	/System/Library/Frameworks/Cocoa.framework/Versions/A/Cocoa
0x00000000066b2000 	/System/Library/Frameworks/Security.framework/Versions/A/Security
0x00000000066b2000 	/System/Library/Frameworks/ApplicationServices.framework/Versions/A/ApplicationServices
0x00000000066b2000 	/usr/lib/libz.1.dylib
0x00000000066b2000 	/usr/lib/libSystem.B.dylib
0x00000000066b2000 	/usr/lib/libobjc.A.dylib
0x00000000066b2000 	/System/Library/Frameworks/CoreFoundation.framework/Versions/A/CoreFoundation
0x00000000066b2000 	/System/Library/Frameworks/Foundation.framework/Versions/C/Foundation
0x00000000066b2000 	/System/Library/Frameworks/AppKit.framework/Versions/C/AppKit
0x00000000066b2000 	/System/Library/Frameworks/CoreData.framework/Versions/A/CoreData
0x00000000066b2000 	/System/Library/PrivateFrameworks/RemoteViewServices.framework/Versions/A/RemoteViewServices
0x00000000066b2000 	/System/Library/PrivateFrameworks/UIFoundation.framework/Versions/A/UIFoundation
0x00000000066b2000 	/System/Library/Frameworks/IOSurface.framework/Versions/A/IOSurface
0x00000000066b2000 	/System/Library/Frameworks/AudioToolbox.framework/Versions/A/AudioToolbox
0x00000000066b2000 	/System/Library/Frameworks/AudioUnit.framework/Versions/A/AudioUnit
0x00000000066b2000 	/System/Library/PrivateFrameworks/DataDetectorsCore.framework/Versions/A/DataDetectorsCore
0x00000000066b2000 	/System/Library/PrivateFrameworks/DesktopServicesPriv.framework/Versions/A/DesktopServicesPriv
0x00000000066b2000 	/System/Library/Frameworks/Carbon.framework/Versions/A/Frameworks/HIToolbox.framework/Versions/A/HIToolbox
0x00000000066b2000 	/System/Library/Frameworks/QuartzCore.framework/Versions/A/QuartzCore
0x00000000066b2000 	/System/Library/Frameworks/Carbon.framework/Versions/A/Frameworks/SpeechRecognition.framework/Versions/A/SpeechRecognition
0x00000000066b2000 	/usr/lib/libauto.dylib
0x00000000066b2000 	/usr/lib/libicucore.A.dylib
0x00000000066b2000 	/usr/lib/libxml2.2.dylib
0x00000000066b2000 	/System/Library/PrivateFrameworks/CoreUI.framework/Versions/A/CoreUI
0x00000000066b2000 	/System/Library/Frameworks/CoreAudio.framework/Versions/A/CoreAudio
0x00000000066b2000 	/System/Library/Frameworks/DiskArbitration.framework/Versions/A/DiskArbitration
0x00000000066b2000 	/usr/lib/liblangid.dylib
0x00000000066b2000 	/System/Library/PrivateFrameworks/MultitouchSupport.framework/Versions/A/MultitouchSupport
0x00000000066b2000 	/System/Library/Frameworks/IOKit.framework/Versions/A/IOKit
0x00000000066b2000 	/usr/lib/libDiagnosticMessagesClient.dylib
0x00000000066b2000 	/System/Library/Frameworks/CoreServices.framework/Versions/A/CoreServices
0x00000000066b2000 	/System/Library/PrivateFrameworks/PerformanceAnalysis.framework/Versions/A/PerformanceAnalysis
0x00000000066b2000 	/System/Library/PrivateFrameworks/GenerationalStorage.framework/Versions/A/GenerationalStorage
0x00000000066b2000 	/System/Library/Frameworks/OpenGL.framework/Versions/A/OpenGL
0x00000000066b2000 	/System/Library/PrivateFrameworks/Sharing.framework/Versions/A/Sharing
0x00000000066b2000 	/System/Library/Frameworks/CoreGraphics.framework/Versions/A/CoreGraphics
0x00000000066b2000 	/System/Library/Frameworks/CoreText.framework/Versions/A/CoreText
0x00000000066b2000 	/System/Library/Frameworks/ImageIO.framework/Versions/A/ImageIO
0x00000000066b2000 	/usr/lib/libextension.dylib
0x00000000066b2000 	/System/Library/PrivateFrameworks/Backup.framework/Versions/A/Backup
0x00000000066b2000 	/usr/lib/libarchive.2.dylib
0x00000000066b2000 	/System/Library/Frameworks/CFNetwork.framework/Versions/A/CFNetwork
0x00000000066b2000 	/System/Library/Frameworks/SystemConfiguration.framework/Versions/A/SystemConfiguration
0x00000000066b2000 	/usr/lib/libCRFSuite.dylib
0x00000000066b2000 	/usr/lib/libc++.1.dylib
0x00000000066b2000 	/usr/lib/libc++abi.dylib
0x00000000066b2000 	/usr/lib/system/libcache.dylib
0x00000000066b2000 	/usr/lib/system/libcommonCrypto.dylib
0x00000000066b2000 	/usr/lib/system/libcompiler_rt.dylib
0x00000000066b2000 	/usr/lib/system/libcopyfile.dylib
0x00000000066b2000 	/usr/lib/system/libcorecrypto.dylib
0x00000000066b2000 	/usr/lib/system/libdispatch.dylib
0x00000000066b2000 	/usr/lib/system/libdyld.dylib
0x00000000066b2000 	/usr/lib/system/libkeymgr.dylib
0x00000000066b2000 	/usr/lib/system/liblaunch.dylib
0x00000000066b2000 	/usr/lib/system/libmacho.dylib
0x00000000066b2000 	/usr/lib/system/libquarantine.dylib
0x00000000066b2000 	/usr/lib/system/libremovefile.dylib
0x00000000066b2000 	/usr/lib/system/libsystem_asl.dylib
0x00000000066b2000 	/usr/lib/system/libsystem_blocks.dylib
0x00000000066b2000 	/usr/lib/system/libsystem_c.dylib
0x00000000066b2000 	/usr/lib/system/libsystem_configuration.dylib
0x00000000066b2000 	/usr/lib/system/libsystem_coreservices.dylib
0x00000000066b2000 	/usr/lib/system/libsystem_coretls.dylib
0x00000000066b2000 	/usr/lib/system/libsystem_dnssd.dylib
0x00000000066b2000 	/usr/lib/system/libsystem_info.dylib
0x00000000066b2000 	/usr/lib/system/libsystem_kernel.dylib
0x00000000066b2000 	/usr/lib/system/libsystem_m.dylib
0x00000000066b2000 	/usr/lib/system/libsystem_malloc.dylib
0x00000000066b2000 	/usr/lib/system/libsystem_network.dylib
0x00000000066b2000 	/usr/lib/system/libsystem_networkextension.dylib
0x00000000066b2000 	/usr/lib/system/libsystem_notify.dylib
0x00000000066b2000 	/usr/lib/system/libsystem_platform.dylib
0x00000000066b2000 	/usr/lib/system/libsystem_pthread.dylib
0x00000000066b2000 	/usr/lib/system/libsystem_sandbox.dylib
0x00000000066b2000 	/usr/lib/system/libsystem_secinit.dylib
0x00000000066b2000 	/usr/lib/system/libsystem_stats.dylib
0x00000000066b2000 	/usr/lib/system/libsystem_trace.dylib
0x00000000066b2000 	/usr/lib/system/libunc.dylib
0x00000000066b2000 	/usr/lib/system/libunwind.dylib
0x00000000066b2000 	/usr/lib/system/libxpc.dylib
0x00000000066b2000 	/usr/lib/libbz2.1.0.dylib
0x00000000066b2000 	/usr/lib/liblzma.5.dylib
0x00000000066b2000 	/usr/lib/libbsm.0.dylib
0x00000000066b2000 	/usr/lib/libsqlite3.dylib
0x00000000066b2000 	/usr/lib/system/libkxld.dylib
0x00000000066b2000 	/usr/lib/libxar.1.dylib
0x00000000066b2000 	/usr/lib/libpam.2.dylib
0x00000000066b2000 	/usr/lib/libOpenScriptingUtil.dylib
0x00000000066b2000 	/System/Library/Frameworks/CoreServices.framework/Versions/A/Frameworks/FSEvents.framework/Versions/A/FSEvents
0x00000000066b2000 	/System/Library/Frameworks/CoreServices.framework/Versions/A/Frameworks/CarbonCore.framework/Versions/A/CarbonCore
0x00000000066b2000 	/System/Library/Frameworks/CoreServices.framework/Versions/A/Frameworks/Metadata.framework/Versions/A/Metadata
0x00000000066b2000 	/System/Library/Frameworks/CoreServices.framework/Versions/A/Frameworks/OSServices.framework/Versions/A/OSServices
0x00000000066b2000 	/System/Library/Frameworks/CoreServices.framework/Versions/A/Frameworks/SearchKit.framework/Versions/A/SearchKit
0x00000000066b2000 	/System/Library/Frameworks/CoreServices.framework/Versions/A/Frameworks/AE.framework/Versions/A/AE
0x00000000066b2000 	/System/Library/Frameworks/CoreServices.framework/Versions/A/Frameworks/LaunchServices.framework/Versions/A/LaunchServices
0x00000000066b2000 	/System/Library/Frameworks/CoreServices.framework/Versions/A/Frameworks/DictionaryServices.framework/Versions/A/DictionaryServices
0x00000000066b2000 	/System/Library/Frameworks/NetFS.framework/Versions/A/NetFS
0x00000000066b2000 	/System/Library/PrivateFrameworks/NetAuth.framework/Versions/A/NetAuth
0x00000000066b2000 	/System/Library/PrivateFrameworks/login.framework/Versions/A/Frameworks/loginsupport.framework/Versions/A/loginsupport
0x00000000066b2000 	/System/Library/PrivateFrameworks/TCC.framework/Versions/A/TCC
0x00000000066b2000 	/usr/lib/libmecabra.dylib
0x00000000066b2000 	/System/Library/Frameworks/ApplicationServices.framework/Versions/A/Frameworks/ATS.framework/Versions/A/ATS
0x00000000066b2000 	/System/Library/Frameworks/ApplicationServices.framework/Versions/A/Frameworks/ColorSync.framework/Versions/A/ColorSync
0x00000000066b2000 	/System/Library/Frameworks/ApplicationServices.framework/Versions/A/Frameworks/HIServices.framework/Versions/A/HIServices
0x00000000066b2000 	/System/Library/Frameworks/ApplicationServices.framework/Versions/A/Frameworks/LangAnalysis.framework/Versions/A/LangAnalysis
0x00000000066b2000 	/System/Library/Frameworks/ApplicationServices.framework/Versions/A/Frameworks/PrintCore.framework/Versions/A/PrintCore
0x00000000066b2000 	/System/Library/Frameworks/ApplicationServices.framework/Versions/A/Frameworks/QD.framework/Versions/A/QD
0x00000000066b2000 	/System/Library/Frameworks/ApplicationServices.framework/Versions/A/Frameworks/SpeechSynthesis.framework/Versions/A/SpeechSynthesis
0x00000000066b2000 	/System/Library/Frameworks/Accelerate.framework/Versions/A/Accelerate
0x00000000066b2000 	/System/Library/Frameworks/Accelerate.framework/Versions/A/Frameworks/vImage.framework/Versions/A/vImage
0x00000000066b2000 	/System/Library/Frameworks/Accelerate.framework/Versions/A/Frameworks/vecLib.framework/Versions/A/vecLib
0x00000000066b2000 	/System/Library/Frameworks/Accelerate.framework/Versions/A/Frameworks/vecLib.framework/Versions/A/libvDSP.dylib
0x00000000066b2000 	/System/Library/Frameworks/Accelerate.framework/Versions/A/Frameworks/vecLib.framework/Versions/A/libvMisc.dylib
0x00000000066b2000 	/System/Library/Frameworks/Accelerate.framework/Versions/A/Frameworks/vecLib.framework/Versions/A/libLAPACK.dylib
0x00000000066b2000 	/System/Library/Frameworks/Accelerate.framework/Versions/A/Frameworks/vecLib.framework/Versions/A/libBLAS.dylib
0x00000000066b2000 	/System/Library/Frameworks/Accelerate.framework/Versions/A/Frameworks/vecLib.framework/Versions/A/libLinearAlgebra.dylib
0x00000000066b2000 	/System/Library/Frameworks/ApplicationServices.framework/Versions/A/Frameworks/ATS.framework/Versions/A/Resources/libFontParser.dylib
0x00000000066b2000 	/System/Library/Frameworks/ApplicationServices.framework/Versions/A/Frameworks/ATS.framework/Versions/A/Resources/libFontRegistry.dylib
0x00000000066b2000 	/System/Library/PrivateFrameworks/AppleVPA.framework/Versions/A/AppleVPA
0x00000000066b2000 	/System/Library/PrivateFrameworks/AppleJPEG.framework/Versions/A/AppleJPEG
0x00000000066b2000 	/System/Library/Frameworks/ImageIO.framework/Versions/A/Resources/libJPEG.dylib
0x00000000066b2000 	/System/Library/Frameworks/ImageIO.framework/Versions/A/Resources/libTIFF.dylib
0x00000000066b2000 	/System/Library/Frameworks/ImageIO.framework/Versions/A/Resources/libPng.dylib
0x00000000066b2000 	/System/Library/Frameworks/ImageIO.framework/Versions/A/Resources/libGIF.dylib
0x00000000066b2000 	/System/Library/Frameworks/ImageIO.framework/Versions/A/Resources/libJP2.dylib
0x00000000066b2000 	/System/Library/Frameworks/ImageIO.framework/Versions/A/Resources/libRadiance.dylib
0x00000000066b2000 	/System/Library/Frameworks/CoreVideo.framework/Versions/A/CoreVideo
0x00000000066b2000 	/System/Library/Frameworks/OpenGL.framework/Versions/A/Libraries/libGLU.dylib
0x00000000066b2000 	/System/Library/Frameworks/OpenGL.framework/Versions/A/Libraries/libGFXShared.dylib
0x00000000066b2000 	/System/Library/Frameworks/OpenGL.framework/Versions/A/Libraries/libGL.dylib
0x00000000066b2000 	/System/Library/Frameworks/OpenGL.framework/Versions/A/Libraries/libGLImage.dylib
0x00000000066b2000 	/System/Library/Frameworks/OpenGL.framework/Versions/A/Libraries/libCVMSPluginSupport.dylib
0x00000000066b2000 	/System/Library/Frameworks/OpenGL.framework/Versions/A/Libraries/libCoreVMClient.dylib
0x00000000066b2000 	/usr/lib/libcups.2.dylib
0x00000000066b2000 	/System/Library/Frameworks/Kerberos.framework/Versions/A/Kerberos
0x00000000066b2000 	/System/Library/Frameworks/GSS.framework/Versions/A/GSS
0x00000000066b2000 	/usr/lib/libresolv.9.dylib
0x00000000066b2000 	/usr/lib/libiconv.2.dylib
0x00000000066b2000 	/System/Library/PrivateFrameworks/Heimdal.framework/Versions/A/Heimdal
0x00000000066b2000 	/usr/lib/libheimdal-asn1.dylib
0x00000000066b2000 	/System/Library/Frameworks/OpenDirectory.framework/Versions/A/OpenDirectory
0x00000000066b2000 	/System/Library/PrivateFrameworks/CommonAuth.framework/Versions/A/CommonAuth
0x00000000066b2000 	/System/Library/Frameworks/OpenDirectory.framework/Versions/A/Frameworks/CFOpenDirectory.framework/Versions/A/CFOpenDirectory
0x00000000066b2000 	/System/Library/Frameworks/SecurityFoundation.framework/Versions/A/SecurityFoundation
0x00000000066b2000 	/System/Library/PrivateFrameworks/LanguageModeling.framework/Versions/A/LanguageModeling
0x00000000066b2000 	/usr/lib/libcmph.dylib
0x00000000066b2000 	/System/Library/Frameworks/ServiceManagement.framework/Versions/A/ServiceManagement
0x00000000066b2000 	/usr/lib/libxslt.1.dylib
0x00000000066b2000 	/System/Library/Frameworks/Carbon.framework/Versions/A/Frameworks/Ink.framework/Versions/A/Ink
0x00000000066b2000 	/System/Library/Frameworks/QuartzCore.framework/Versions/A/Frameworks/CoreImage.framework/Versions/A/CoreImage
0x00000000066b2000 	/System/Library/PrivateFrameworks/CrashReporterSupport.framework/Versions/A/CrashReporterSupport
0x00000000066b2000 	/System/Library/Frameworks/OpenCL.framework/Versions/A/OpenCL
0x00000000066b2000 	/System/Library/PrivateFrameworks/FaceCore.framework/Versions/A/FaceCore
0x00000000066b2000 	/System/Library/PrivateFrameworks/Ubiquity.framework/Versions/A/Ubiquity
0x00000000066b2000 	/System/Library/PrivateFrameworks/IconServices.framework/Versions/A/IconServices
0x00000000066b2000 	/System/Library/PrivateFrameworks/ChunkingLibrary.framework/Versions/A/ChunkingLibrary
0x00000000066b2000 	/System/Library/PrivateFrameworks/Apple80211.framework/Versions/A/Apple80211
0x00000000066b2000 	/System/Library/Frameworks/CoreWLAN.framework/Versions/A/CoreWLAN
0x00000000066b2000 	/System/Library/Frameworks/IOBluetooth.framework/Versions/A/IOBluetooth
0x00000000066b2000 	/System/Library/PrivateFrameworks/CoreWiFi.framework/Versions/A/CoreWiFi
0x00000000066b2000 	/System/Library/Frameworks/CoreBluetooth.framework/Versions/A/CoreBluetooth
0x00000000066b2000 	/System/Library/PrivateFrameworks/DebugSymbols.framework/Versions/A/DebugSymbols
0x00000000066b2000 	/System/Library/PrivateFrameworks/CoreSymbolication.framework/Versions/A/CoreSymbolication
0x00000000066b2000 	/System/Library/PrivateFrameworks/Symbolication.framework/Versions/A/Symbolication
0x00000000066b2000 	/System/Library/PrivateFrameworks/SpeechRecognitionCore.framework/Versions/A/SpeechRecognitionCore
0x000000010b06d000 	/Library/Java/JavaVirtualMachines/jdk1.8.0_31.jdk/Contents/Home/jre/lib/server/libjvm.dylib
0x00000000066b2000 	/usr/lib/libstdc++.6.dylib
0x000000010bfa3000 	/Library/Java/JavaVirtualMachines/jdk1.8.0_31.jdk/Contents/Home/jre/lib/libverify.dylib
0x000000010bfb1000 	/Library/Java/JavaVirtualMachines/jdk1.8.0_31.jdk/Contents/Home/jre/lib/libjava.dylib
0x000000010bfef000 	/Library/Java/JavaVirtualMachines/jdk1.8.0_31.jdk/Contents/Home/jre/lib/libzip.dylib
0x0000000122978000 	/System/Library/Frameworks/JavaVM.framework/Frameworks/JavaRuntimeSupport.framework/JavaRuntimeSupport
0x0000000122990000 	/System/Library/Frameworks/JavaVM.framework/Versions/A/Frameworks/JavaNativeFoundation.framework/Versions/A/JavaNativeFoundation
0x00000001229a5000 	/System/Library/Frameworks/JavaVM.framework/Versions/A/JavaVM
0x00000000066b2000 	/System/Library/Frameworks/Carbon.framework/Versions/A/Carbon
0x00000001229b2000 	/System/Library/PrivateFrameworks/JavaLaunching.framework/Versions/A/JavaLaunching
0x00000000066b2000 	/System/Library/Frameworks/Carbon.framework/Versions/A/Frameworks/CommonPanels.framework/Versions/A/CommonPanels
0x00000000066b2000 	/System/Library/Frameworks/Carbon.framework/Versions/A/Frameworks/Help.framework/Versions/A/Help
0x00000000066b2000 	/System/Library/Frameworks/Carbon.framework/Versions/A/Frameworks/ImageCapture.framework/Versions/A/ImageCapture
0x00000000066b2000 	/System/Library/Frameworks/Carbon.framework/Versions/A/Frameworks/OpenScripting.framework/Versions/A/OpenScripting
0x00000000066b2000 	/System/Library/Frameworks/Carbon.framework/Versions/A/Frameworks/Print.framework/Versions/A/Print
0x00000000066b2000 	/System/Library/Frameworks/Carbon.framework/Versions/A/Frameworks/SecurityHI.framework/Versions/A/SecurityHI
0x0000000124a70000 	/Library/Java/JavaVirtualMachines/jdk1.8.0_31.jdk/Contents/Home/jre/lib/libprism_es2.dylib
0x00000000066b2000 	/System/Library/Frameworks/OpenGL.framework/Versions/A/Resources/GLEngine.bundle/GLEngine
0x00000000066b2000 	/System/Library/Frameworks/OpenGL.framework/Versions/A/Libraries/libGLProgrammability.dylib
0x0000000000000000 	/System/Library/Extensions/AppleIntelHD5000GraphicsGLDriver.bundle/Contents/MacOS/AppleIntelHD5000GraphicsGLDriver
0x00000000066b2000 	/System/Library/PrivateFrameworks/IOAccelerator.framework/Versions/A/IOAccelerator
0x00000000066b2000 	/System/Library/PrivateFrameworks/GPUSupport.framework/Versions/A/Libraries/libGPUSupportMercury.dylib
0x00000000066b2000 	/System/Library/Frameworks/OpenGL.framework/Versions/A/Resources/GLRendererFloat.bundle/GLRendererFloat
0x00000000066b2000 	/System/Library/Frameworks/OpenCL.framework/Versions/A/Libraries/libcldcpuengine.dylib
0x00000000066b2000 	/System/Library/PrivateFrameworks/DiskImages.framework/Versions/A/DiskImages
0x00000000066b2000 	/System/Library/Frameworks/DiscRecording.framework/Versions/A/DiscRecording
0x00000000066b2000 	/usr/lib/libcsfde.dylib
0x00000000066b2000 	/usr/lib/libcurl.4.dylib
0x00000000066b2000 	/System/Library/PrivateFrameworks/MediaKit.framework/Versions/A/MediaKit
0x00000000066b2000 	/System/Library/PrivateFrameworks/ProtectedCloudStorage.framework/Versions/A/ProtectedCloudStorage
0x00000000066b2000 	/usr/lib/libCoreStorage.dylib
0x00000000066b2000 	/System/Library/PrivateFrameworks/EFILogin.framework/Versions/A/EFILogin
0x00000000066b2000 	/usr/lib/libutil.dylib
0x00000000066b2000 	/System/Library/PrivateFrameworks/FindMyDevice.framework/Versions/A/FindMyDevice
0x00000000066b2000 	/System/Library/Frameworks/LDAP.framework/Versions/A/LDAP
0x00000000066b2000 	/usr/lib/libsasl2.2.dylib
0x00000000066b2000 	/System/Library/PrivateFrameworks/CoreDaemon.framework/Versions/B/CoreDaemon
0x00000000066b2000 	/usr/lib/libcrypto.0.9.8.dylib
0x00000000066b2000 	/System/Library/PrivateFrameworks/AppleSRP.framework/Versions/A/AppleSRP
0x00000000066b2000 	/System/Library/PrivateFrameworks/TrustEvaluationAgent.framework/Versions/A/TrustEvaluationAgent
0x0000000124f21000 	/Library/Java/JavaVirtualMachines/jdk1.8.0_31.jdk/Contents/Home/jre/lib/libglass.dylib
0x00000000066b2000 	/System/Library/PrivateFrameworks/CoreServicesInternal.framework/Versions/A/CoreServicesInternal
0x00000000066b2000 	/System/Library/PrivateFrameworks/CloudDocs.framework/Versions/A/CloudDocs
0x00000000066b2000 	/System/Library/PrivateFrameworks/CoreDuet.framework/Versions/A/CoreDuet
0x00000000066b2000 	/System/Library/Frameworks/CloudKit.framework/Versions/A/CloudKit
0x00000000066b2000 	/System/Library/PrivateFrameworks/ProtocolBuffer.framework/Versions/A/ProtocolBuffer
0x00000000066b2000 	/System/Library/PrivateFrameworks/CoreDuetDaemonProtocol.framework/Versions/A/CoreDuetDaemonProtocol
0x00000000066b2000 	/System/Library/PrivateFrameworks/CoreDuetDebugLogging.framework/Versions/A/CoreDuetDebugLogging
0x00000000066b2000 	/System/Library/PrivateFrameworks/MMCS.framework/Versions/A/MMCS
0x00000000066b2000 	/System/Library/Frameworks/CoreLocation.framework/Versions/A/CoreLocation
0x00000000066b2000 	/System/Library/PrivateFrameworks/GeoServices.framework/Versions/A/GeoServices
0x00000000066b2000 	/System/Library/Frameworks/CoreGraphics.framework/Versions/A/Resources/libCGCMS.A.dylib
0x00000000066b2000 	/System/Library/CoreServices/RawCamera.bundle/Contents/MacOS/RawCamera
0x00000000066b2000 	/System/Library/Frameworks/CoreGraphics.framework/Versions/A/Resources/libRIP.A.dylib
0x00000000066b2000 	/System/Library/PrivateFrameworks/FamilyControls.framework/Versions/A/FamilyControls
0x00000000066b2000 	/System/Library/PrivateFrameworks/CommerceKit.framework/Versions/A/Frameworks/CommerceCore.framework/Versions/A/CommerceCore
0x00000000066b2000 	/System/Library/PrivateFrameworks/SystemAdministration.framework/Versions/A/SystemAdministration
0x00000000066b2000 	/System/Library/PrivateFrameworks/AppContainer.framework/Versions/A/AppContainer
0x00000000066b2000 	/System/Library/PrivateFrameworks/SecCodeWrapper.framework/Versions/A/SecCodeWrapper
0x00000000066b2000 	/System/Library/Frameworks/DirectoryService.framework/Versions/A/DirectoryService
0x00000000066b2000 	/System/Library/PrivateFrameworks/LoginUIKit.framework/Versions/A/Frameworks/LoginUICore.framework/Versions/A/LoginUICore
0x00000000066b2000 	/usr/lib/libodfde.dylib
0x00000001288de000 	/Library/Java/JavaVirtualMachines/jdk1.8.0_31.jdk/Contents/Home/jre/lib/libjavafx_font.dylib
0x00000000066b2000 	/System/Library/Frameworks/CoreGraphics.framework/Versions/A/Resources/libCGXType.A.dylib
0x000000012aa71000 	cl_kernels
0x000000012aa73000 	/System/Library/Frameworks/OpenCL.framework/Versions/A/Libraries/ImageFormats/unorm8_bgra.dylib
0x000000012ac20000 	cl_kernels
0x000000012a76c000 	/Library/Java/JavaVirtualMachines/jdk1.8.0_31.jdk/Contents/Home/jre/lib/libprism_common.dylib
0x000000012abef000 	/Library/Java/JavaVirtualMachines/jdk1.8.0_31.jdk/Contents/Home/jre/lib/libnet.dylib

VM Arguments:
jvm_args: -Dfile.encoding=UTF-8 
java_command: javafx.Main
java_class_path (initial): /Users/chrismcclune/Documents/GitHub Repositories/Programming-II/PAS/bin:/Library/Java/mysql-connector-java-5.1.34/mysql-connector-java-5.1.34-bin.jar:/Library/Java/Twilio jar file/twilio-java-sdk-3.8.0-jar-with-dependencies.jar:/Applications/eclipse - luna - JAVA/plugins/org.junit_4.11.0.v201303080030/junit.jar:/Applications/eclipse - luna - JAVA/plugins/org.hamcrest.core_1.3.0.v201303031735.jar:/Applications/eclipse - luna - JAVA/plugins/org.eclipse.fx.ide.css.jfx8_1.1.0.201411050807.jar
Launcher Type: SUN_STANDARD

Environment Variables:
PATH=/usr/bin:/bin:/usr/sbin:/sbin
SHELL=/bin/bash

Signal Handlers:
SIGSEGV: [libjvm.dylib+0x57a0e7], sa_mask[0]=11111111011111110111111111111111, sa_flags=SA_ONSTACK|SA_RESTART|SA_SIGINFO
SIGBUS: [libjvm.dylib+0x57a0e7], sa_mask[0]=11111111011111110111111111111111, sa_flags=SA_RESTART|SA_SIGINFO
SIGFPE: [libjvm.dylib+0x45af24], sa_mask[0]=11111111011111110111111111111111, sa_flags=SA_RESTART|SA_SIGINFO
SIGPIPE: [libjvm.dylib+0x45af24], sa_mask[0]=11111111011111110111111111111111, sa_flags=SA_RESTART|SA_SIGINFO
SIGXFSZ: [libjvm.dylib+0x45af24], sa_mask[0]=11111111011111110111111111111111, sa_flags=SA_RESTART|SA_SIGINFO
SIGILL: [libjvm.dylib+0x45af24], sa_mask[0]=11111111011111110111111111111111, sa_flags=SA_RESTART|SA_SIGINFO
SIGUSR1: SIG_DFL, sa_mask[0]=00000000000000000000000000000000, sa_flags=none
SIGUSR2: [libjvm.dylib+0x45aa42], sa_mask[0]=00100000000000000000000000000000, sa_flags=SA_RESTART|SA_SIGINFO
SIGHUP: [libjvm.dylib+0x459015], sa_mask[0]=11111111011111110111111111111111, sa_flags=SA_RESTART|SA_SIGINFO
SIGINT: [libjvm.dylib+0x459015], sa_mask[0]=11111111011111110111111111111111, sa_flags=SA_RESTART|SA_SIGINFO
SIGTERM: [libjvm.dylib+0x459015], sa_mask[0]=11111111011111110111111111111111, sa_flags=SA_RESTART|SA_SIGINFO
SIGQUIT: [libjvm.dylib+0x459015], sa_mask[0]=11111111011111110111111111111111, sa_flags=SA_RESTART|SA_SIGINFO


---------------  S Y S T E M  ---------------

OS:Bsduname:Darwin 14.3.0 Darwin Kernel Version 14.3.0: Mon Mar 23 11:59:05 PDT 2015; root:xnu-2782.20.48~5/RELEASE_X86_64 x86_64
rlimit: STACK 8192k, CORE 0k, NPROC 709, NOFILE 10240, AS infinity
load average:1.82 1.85 1.66

CPU:total 4 (2 cores per cpu, 2 threads per core) family 6 model 69 stepping 1, cmov, cx8, fxsr, mmx, sse, sse2, sse3, ssse3, sse4.1, sse4.2, popcnt, avx, avx2, aes, clmul, erms, lzcnt, ht, tsc, tscinvbit, bmi1, bmi2

Memory: 4k page, physical 8388608k(3686504k free)

/proc/meminfo:


vm_info: Java HotSpot(TM) 64-Bit Server VM (25.31-b07) for bsd-amd64 JRE (1.8.0_31-b13), built on Dec 17 2014 20:45:36 by "java_re" with gcc 4.2.1 (Based on Apple Inc. build 5658) (LLVM build 2336.11.00)

time: Thu Apr 30 15:03:06 2015
elapsed time: 782 seconds (0d 0h 13m 2s)

