#
# A fatal error has been detected by the Java Runtime Environment:
#
#  SIGSEGV (0xb) at pc=0x00000001226813fd, pid=2722, tid=1811
#
# JRE version: Java(TM) SE Runtime Environment (8.0_31-b13) (build 1.8.0_31-b13)
# Java VM: Java HotSpot(TM) 64-Bit Server VM (25.31-b07 mixed mode bsd-amd64 compressed oops)
# Problematic frame:
# C  [libglass.dylib+0x163fd]  GlassScreenDidChangeScreenParameters+0x9d
#
# Failed to write core dump. Core dumps have been disabled. To enable core dumping, try "ulimit -c unlimited" before starting Java again
#
# If you would like to submit a bug report, please visit:
#   http://bugreport.java.com/bugreport/crash.jsp
#

---------------  T H R E A D  ---------------

Current thread is native thread

siginfo: si_signo: 11 (SIGSEGV), si_code: 1 (SEGV_MAPERR), si_addr: 0x0000000000000000

Registers:
RAX=0x00000001226b3e40, RBX=0x0000000000000000, RCX=0x1000b9e0bf8f2cc6, RDX=0x00007fcdf2e51f00
RSP=0x00007fff57544160, RBP=0x00007fff57544170, RSI=0x00007fcdf2f05c58, RDI=0x0000000000000000
R8 =0x00007fff57544010, R9 =0x00007fff77fbd300, R10=0x0000000000000000, R11=0x0000000000000246
R12=0x00007fcdf2c11950, R13=0x00000000000f426a, R14=0x00007fcdf2d79880, R15=0x00007fff575442b0
RIP=0x00000001226813fd, EFLAGS=0x0000000000010206, ERR=0x0000000000000004
  TRAPNO=0x000000000000000e

Top of Stack: (sp=0x00007fff57544160)
0x00007fff57544160:   00007fff57544340 00007fcdf2d79880
0x00007fff57544170:   00007fff57544180 00007fff8be3a45c
0x00007fff57544180:   00007fff575444e0 00007fff8bd2a634
0x00007fff57544190:   00007fff575441e0 0000000000000000
0x00007fff575441a0:   00007fff7724bed0 00007fcdf2d7ca00
0x00007fff575441b0:   0000000000001000 0000000000000e88
0x00007fff575441c0:   00007fcdf2d7ca00 00007fcdf2d79880
0x00007fff575441d0:   0000000000000000 00007fff575442b0
0x00007fff575441e0:   0000000000000000 00007fcdf2d79840
0x00007fff575441f0:   00007fff57544330 000000000000009b
0x00007fff57544200:   00000000000f441a 00007fcdf539fad0
0x00007fff57544210:   00007fcdf2d4c2d0 00007fcdf2c11950
0x00007fff57544220:   0000000000000001 00000000000f426a
0x00007fff57544230:   00007fcdf2c11940 00007fff86970acb
0x00007fff57544240:   0000000000000001 0000000000000001
0x00007fff57544250:   0000000000000030 0000000000000001
0x00007fff57544260:   00007fff57544280 00007fff86976231
0x00007fff57544270:   00007fff77249fb0 0000000000000000
0x00007fff57544280:   00007fff575442a0 0000000000000017
0x00007fff57544290:   00147603f7901000 00007fcdf2c11974
0x00007fff575442a0:   0000000000000000 00007fff8bd2010f
0x00007fff575442b0:   00007fcdf2d79880 00007fff77249fb0
0x00007fff575442c0:   00007fff57544340 00007fff8bd28c3f
0x00007fff575442d0:   00007fff57544344 00000000005fa901
0x00007fff575442e0:   00000001086d6a00 0000000000000002
0x00007fff575442f0:   00000001086d3000 00007fcdf53581b2
0x00007fff57544300:   0000000000000003 00000001086d6a00
0x00007fff57544310:   00007fff57544400 00007fff8696f2a2
0x00007fff57544320:   00007fcdf2c5d400 00007fff575444e8
0x00007fff57544330:   0000000000000017 0000000000000000
0x00007fff57544340:   00000000000f426a 00007fff8bd20403
0x00007fff57544350:   00007fff00000000 00007fcdf2c63760 

Instructions: (pc=0x00000001226813fd)
0x00000001226813dd:   89 df 4c 89 f1 41 ff 90 68 04 00 00 48 8d 05 58
0x00000001226813ed:   29 03 00 48 8b 30 48 8d 05 46 2a 03 00 48 8b 10
0x00000001226813fd:   48 8b 0b 30 c0 48 89 df ff 91 68 04 00 00 48 8b
0x000000012268140d:   03 48 89 df ff 50 78 48 85 c0 74 36 49 89 c6 48 

Register to memory mapping:

RAX=0x00000001226b3e40: jScreenNotifySettingsChanged+0 in /Library/Java/JavaVirtualMachines/jdk1.8.0_31.jdk/Contents/Home/jre/lib/libglass.dylib at 0x000000012266b000
RBX=0x0000000000000000 is an unknown value
RCX=0x1000b9e0bf8f2cc6 is an unknown value
RDX=0x00007fcdf2e51f00 is an unknown value
RSP=0x00007fff57544160 is an unknown value
RBP=0x00007fff57544170 is an unknown value
RSI=0x00007fcdf2f05c58 is a global jni handle
RDI=0x0000000000000000 is an unknown value
R8 =0x00007fff57544010 is an unknown value
R9 =0x00007fff77fbd300: _thread+0 in /usr/lib/system/libsystem_pthread.dylib at 0x00007fff907bb000
R10=0x0000000000000000 is an unknown value
R11=0x0000000000000246 is an unknown value
R12=0x00007fcdf2c11950 is an unknown value
R13=0x00000000000f426a is an unknown value
R14=0x00007fcdf2d79880 is an unknown value
R15=0x00007fff575442b0 is an unknown value


Stack: [0x00007fff56d47000,0x00007fff57547000],  sp=0x00007fff57544160,  free space=8180k
Native frames: (J=compiled Java code, j=interpreted, Vv=VM code, C=native code)
C  [libglass.dylib+0x163fd]  GlassScreenDidChangeScreenParameters+0x9d
C  [CoreFoundation+0x12045c]  __CFNOTIFICATIONCENTER_IS_CALLING_OUT_TO_AN_OBSERVER__+0xc
C  [CoreFoundation+0x10634]  _CFXNotificationPost+0xc44
C  [Foundation+0x79d1]  -[NSNotificationCenter postNotificationName:object:userInfo:]+0x42
C  [AppKit+0x40df7e]  -[NSApplication _reactToScreenInvalidationImmediately:]+0x17b
C  [AppKit+0x40ddc7]  __44-[NSApplication _reactToScreenInvalidation:]_block_invoke+0x4b
C  [CoreFoundation+0x808ec]  __CFRUNLOOP_IS_CALLING_OUT_TO_A_BLOCK__+0xc
C  [CoreFoundation+0x729f5]  __CFRunLoopDoBlocks+0x155
C  [CoreFoundation+0x72536]  __CFRunLoopRun+0x716
C  [CoreFoundation+0x71bd8]  CFRunLoopRunSpecific+0x128
C  [java+0x56cc]  CreateExecutionEnvironment+0x367
C  [java+0x165c]  JLI_Launch+0x7a0
C  [java+0x768a]  main+0x65
C  [java+0xeb4]  start+0x34


---------------  P R O C E S S  ---------------

VM state:not at safepoint (normal execution)

VM Mutex/Monitor currently owned by a thread: None

Heap:
 PSYoungGen      total 37888K, used 6360K [0x0000000795580000, 0x0000000799280000, 0x00000007c0000000)
  eden space 32768K, 7% used [0x0000000795580000,0x000000079580e218,0x0000000797580000)
  from space 5120K, 73% used [0x0000000797600000,0x00000007979a8000,0x0000000797b00000)
  to   space 14848K, 0% used [0x0000000798400000,0x0000000798400000,0x0000000799280000)
 ParOldGen       total 57856K, used 12430K [0x0000000740000000, 0x0000000743880000, 0x0000000795580000)
  object space 57856K, 21% used [0x0000000740000000,0x0000000740c23b30,0x0000000743880000)
 Metaspace       used 22096K, capacity 23304K, committed 23472K, reserved 1069056K
  class space    used 2992K, capacity 3203K, committed 3248K, reserved 1048576K

Card table byte_map: [0x0000000119416000,0x0000000119817000] byte_map_base: 0x0000000115a16000

Marking Bits: (ParMarkBitMap*) 0x000000010989e410
 Begin Bits: [0x0000000119ece000, 0x000000011bece000)
 End Bits:   [0x000000011bece000, 0x000000011dece000)

Polling page: 0x00000001087dc000

CodeCache: size=245760Kb used=11282Kb max_used=11433Kb free=234477Kb
 bounds [0x000000010a056000, 0x000000010ab96000, 0x0000000119056000]
 total_blobs=4335 nmethods=3617 adapters=631
 compilation: enabled

Compilation events (10 events):
Event: 1235.116 Thread 0x00007fcdf3034000 3959       3       com.sun.scenario.effect.impl.prism.ps.PPSDrawable::getMaxContentWidth (10 bytes)
Event: 1235.116 Thread 0x00007fcdf3034000 nmethod 3959 0x000000010a4307d0 code [0x000000010a430940, 0x000000010a430b68]
Event: 1235.116 Thread 0x00007fcdf3034000 3960       3       com.sun.scenario.effect.impl.prism.ps.PPSDrawable::getMaxContentHeight (10 bytes)
Event: 1235.116 Thread 0x00007fcdf3034000 nmethod 3960 0x000000010a3fa7d0 code [0x000000010a3fa940, 0x000000010a3fab68]
Event: 1236.147 Thread 0x00007fcdf3034000 3961       1       com.sun.prism.es2.GLContext::getBoundTexture (7 bytes)
Event: 1236.148 Thread 0x00007fcdf3034000 nmethod 3961 0x000000010a552690 code [0x000000010a5527e0, 0x000000010a552910]
Event: 1236.152 Thread 0x00007fcdf3034000 3962       3       java.util.concurrent.CountDownLatch::getCount (9 bytes)
Event: 1236.153 Thread 0x00007fcdf3034000 nmethod 3962 0x000000010ab83450 code [0x000000010ab835c0, 0x000000010ab83890]
Event: 1236.153 Thread 0x00007fcdf3034000 3963       3       java.util.concurrent.CountDownLatch$Sync::getCount (5 bytes)
Event: 1236.153 Thread 0x00007fcdf3034000 nmethod 3963 0x000000010a3b1090 code [0x000000010a3b1200, 0x000000010a3b13f0]

GC Heap History (10 events):
Event: 10.598 GC heap before
{Heap before GC invocations=2 (full 0):
 PSYoungGen      total 38400K, used 33730K [0x0000000795580000, 0x0000000798000000, 0x00000007c0000000)
  eden space 33280K, 87% used [0x0000000795580000,0x00000007971dad10,0x0000000797600000)
  from space 5120K, 91% used [0x0000000797600000,0x0000000797a95eb0,0x0000000797b00000)
  to   space 5120K, 0% used [0x0000000797b00000,0x0000000797b00000,0x0000000798000000)
 ParOldGen       total 87552K, used 80K [0x0000000740000000, 0x0000000745580000, 0x0000000795580000)
  object space 87552K, 0% used [0x0000000740000000,0x0000000740014010,0x0000000745580000)
 Metaspace       used 20273K, capacity 21246K, committed 21296K, reserved 1067008K
  class space    used 2880K, capacity 3080K, committed 3120K, reserved 1048576K
Event: 10.615 GC heap after
Heap after GC invocations=2 (full 0):
 PSYoungGen      total 38400K, used 5111K [0x0000000795580000, 0x0000000798000000, 0x00000007c0000000)
  eden space 33280K, 0% used [0x0000000795580000,0x0000000795580000,0x0000000797600000)
  from space 5120K, 99% used [0x0000000797b00000,0x0000000797ffdeb0,0x0000000798000000)
  to   space 5120K, 0% used [0x0000000797600000,0x0000000797600000,0x0000000797b00000)
 ParOldGen       total 87552K, used 9480K [0x0000000740000000, 0x0000000745580000, 0x0000000795580000)
  object space 87552K, 10% used [0x0000000740000000,0x00000007409420f0,0x0000000745580000)
 Metaspace       used 20273K, capacity 21246K, committed 21296K, reserved 1067008K
  class space    used 2880K, capacity 3080K, committed 3120K, reserved 1048576K
}
Event: 10.615 GC heap before
{Heap before GC invocations=3 (full 1):
 PSYoungGen      total 38400K, used 5111K [0x0000000795580000, 0x0000000798000000, 0x00000007c0000000)
  eden space 33280K, 0% used [0x0000000795580000,0x0000000795580000,0x0000000797600000)
  from space 5120K, 99% used [0x0000000797b00000,0x0000000797ffdeb0,0x0000000798000000)
  to   space 5120K, 0% used [0x0000000797600000,0x0000000797600000,0x0000000797b00000)
 ParOldGen       total 87552K, used 9480K [0x0000000740000000, 0x0000000745580000, 0x0000000795580000)
  object space 87552K, 10% used [0x0000000740000000,0x00000007409420f0,0x0000000745580000)
 Metaspace       used 20273K, capacity 21246K, committed 21296K, reserved 1067008K
  class space    used 2880K, capacity 3080K, committed 3120K, reserved 1048576K
Event: 10.665 GC heap after
Heap after GC invocations=3 (full 1):
 PSYoungGen      total 38400K, used 0K [0x0000000795580000, 0x0000000798000000, 0x00000007c0000000)
  eden space 33280K, 0% used [0x0000000795580000,0x0000000795580000,0x0000000797600000)
  from space 5120K, 0% used [0x0000000797b00000,0x0000000797b00000,0x0000000798000000)
  to   space 5120K, 0% used [0x0000000797600000,0x0000000797600000,0x0000000797b00000)
 ParOldGen       total 57856K, used 12414K [0x0000000740000000, 0x0000000743880000, 0x0000000795580000)
  object space 57856K, 21% used [0x0000000740000000,0x0000000740c1fb30,0x0000000743880000)
 Metaspace       used 20272K, capacity 21244K, committed 21296K, reserved 1067008K
  class space    used 2880K, capacity 3079K, committed 3120K, reserved 1048576K
}
Event: 232.804 GC heap before
{Heap before GC invocations=4 (full 1):
 PSYoungGen      total 38400K, used 33280K [0x0000000795580000, 0x0000000798000000, 0x00000007c0000000)
  eden space 33280K, 100% used [0x0000000795580000,0x0000000797600000,0x0000000797600000)
  from space 5120K, 0% used [0x0000000797b00000,0x0000000797b00000,0x0000000798000000)
  to   space 5120K, 0% used [0x0000000797600000,0x0000000797600000,0x0000000797b00000)
 ParOldGen       total 57856K, used 12414K [0x0000000740000000, 0x0000000743880000, 0x0000000795580000)
  object space 57856K, 21% used [0x0000000740000000,0x0000000740c1fb30,0x0000000743880000)
 Metaspace       used 22065K, capacity 23216K, committed 23472K, reserved 1069056K
  class space    used 2989K, capacity 3197K, committed 3248K, reserved 1048576K
Event: 232.813 GC heap after
Heap after GC invocations=4 (full 1):
 PSYoungGen      total 38400K, used 3840K [0x0000000795580000, 0x0000000798000000, 0x00000007c0000000)
  eden space 33280K, 0% used [0x0000000795580000,0x0000000795580000,0x0000000797600000)
  from space 5120K, 75% used [0x0000000797600000,0x00000007979c0000,0x0000000797b00000)
  to   space 5120K, 0% used [0x0000000797b00000,0x0000000797b00000,0x0000000798000000)
 ParOldGen       total 57856K, used 12422K [0x0000000740000000, 0x0000000743880000, 0x0000000795580000)
  object space 57856K, 21% used [0x0000000740000000,0x0000000740c21b30,0x0000000743880000)
 Metaspace       used 22065K, capacity 23216K, committed 23472K, reserved 1069056K
  class space    used 2989K, capacity 3197K, committed 3248K, reserved 1048576K
}
Event: 734.387 GC heap before
{Heap before GC invocations=5 (full 1):
 PSYoungGen      total 38400K, used 37120K [0x0000000795580000, 0x0000000798000000, 0x00000007c0000000)
  eden space 33280K, 100% used [0x0000000795580000,0x0000000797600000,0x0000000797600000)
  from space 5120K, 75% used [0x0000000797600000,0x00000007979c0000,0x0000000797b00000)
  to   space 5120K, 0% used [0x0000000797b00000,0x0000000797b00000,0x0000000798000000)
 ParOldGen       total 57856K, used 12422K [0x0000000740000000, 0x0000000743880000, 0x0000000795580000)
  object space 57856K, 21% used [0x0000000740000000,0x0000000740c21b30,0x0000000743880000)
 Metaspace       used 22070K, capacity 23216K, committed 23472K, reserved 1069056K
  class space    used 2989K, capacity 3197K, committed 3248K, reserved 1048576K
Event: 734.396 GC heap after
Heap after GC invocations=5 (full 1):
 PSYoungGen      total 38400K, used 3808K [0x0000000795580000, 0x0000000798000000, 0x00000007c0000000)
  eden space 33280K, 0% used [0x0000000795580000,0x0000000795580000,0x0000000797600000)
  from space 5120K, 74% used [0x0000000797b00000,0x0000000797eb8000,0x0000000798000000)
  to   space 5120K, 0% used [0x0000000797600000,0x0000000797600000,0x0000000797b00000)
 ParOldGen       total 57856K, used 12430K [0x0000000740000000, 0x0000000743880000, 0x0000000795580000)
  object space 57856K, 21% used [0x0000000740000000,0x0000000740c23b30,0x0000000743880000)
 Metaspace       used 22070K, capacity 23216K, committed 23472K, reserved 1069056K
  class space    used 2989K, capacity 3197K, committed 3248K, reserved 1048576K
}
Event: 1217.072 GC heap before
{Heap before GC invocations=6 (full 1):
 PSYoungGen      total 38400K, used 37088K [0x0000000795580000, 0x0000000798000000, 0x00000007c0000000)
  eden space 33280K, 100% used [0x0000000795580000,0x0000000797600000,0x0000000797600000)
  from space 5120K, 74% used [0x0000000797b00000,0x0000000797eb8000,0x0000000798000000)
  to   space 5120K, 0% used [0x0000000797600000,0x0000000797600000,0x0000000797b00000)
 ParOldGen       total 57856K, used 12430K [0x0000000740000000, 0x0000000743880000, 0x0000000795580000)
  object space 57856K, 21% used [0x0000000740000000,0x0000000740c23b30,0x0000000743880000)
 Metaspace       used 22081K, capacity 23280K, committed 23472K, reserved 1069056K
  class space    used 2989K, capacity 3197K, committed 3248K, reserved 1048576K
Event: 1217.081 GC heap after
Heap after GC invocations=6 (full 1):
 PSYoungGen      total 37888K, used 3744K [0x0000000795580000, 0x0000000799280000, 0x00000007c0000000)
  eden space 32768K, 0% used [0x0000000795580000,0x0000000795580000,0x0000000797580000)
  from space 5120K, 73% used [0x0000000797600000,0x00000007979a8000,0x0000000797b00000)
  to   space 14848K, 0% used [0x0000000798400000,0x0000000798400000,0x0000000799280000)
 ParOldGen       total 57856K, used 12430K [0x0000000740000000, 0x0000000743880000, 0x0000000795580000)
  object space 57856K, 21% used [0x0000000740000000,0x0000000740c23b30,0x0000000743880000)
 Metaspace       used 22081K, capacity 23280K, committed 23472K, reserved 1069056K
  class space    used 2989K, capacity 3197K, committed 3248K, reserved 1048576K
}

Deoptimization events (10 events):
Event: 52.180 Thread 0x00007fcdf3152800 Uncommon trap: reason=null_check action=make_not_entrant pc=0x000000010a8de340 method=javafx.scene.Node$MiscProperties.getEffect()Ljavafx/scene/effect/Effect; @ 20
Event: 52.191 Thread 0x00007fcdf3152800 Uncommon trap: reason=class_check action=maybe_recompile pc=0x000000010a7c3730 method=javafx.scene.Node.updateLocalToParentTransform()V @ 11
Event: 52.191 Thread 0x00007fcdf3152800 Uncommon trap: reason=speculate_class_check action=maybe_recompile pc=0x000000010a9ae340 method=javafx.scene.Node.transformedBoundsChanged()V @ 28
Event: 52.191 Thread 0x00007fcdf3152800 Uncommon trap: reason=speculate_class_check action=maybe_recompile pc=0x000000010a9ae340 method=javafx.scene.Node.transformedBoundsChanged()V @ 28
Event: 52.203 Thread 0x00007fcdf3152800 Uncommon trap: reason=class_check action=maybe_recompile pc=0x000000010a89ad0c method=javafx.scene.Node$MiscProperties.getEffect()Ljavafx/scene/effect/Effect; @ 20
Event: 52.203 Thread 0x00007fcdf3152800 Uncommon trap: reason=class_check action=maybe_recompile pc=0x000000010a89ad0c method=javafx.scene.Node$MiscProperties.getEffect()Ljavafx/scene/effect/Effect; @ 20
Event: 53.375 Thread 0x00007fcdf3152800 Uncommon trap: reason=unreached action=reinterpret pc=0x000000010a842064 method=java.util.HashMap.removeNode(ILjava/lang/Object;Ljava/lang/Object;ZZ)Ljava/util/HashMap$Node; @ 234
Event: 88.630 Thread 0x00007fcdf3152800 Uncommon trap: reason=null_check action=make_not_entrant pc=0x000000010a89aeec method=javafx.scene.Node$MiscProperties.getClip()Ljavafx/scene/Node; @ 20
Event: 88.630 Thread 0x00007fcdf3152800 Uncommon trap: reason=null_check action=make_not_entrant pc=0x000000010a917270 method=javafx.scene.Node$MiscProperties.getClip()Ljavafx/scene/Node; @ 20
Event: 1233.039 Thread 0x00007fcdf3146800 Uncommon trap: reason=class_check action=maybe_recompile pc=0x000000010a45a5d4 method=com.sun.glass.ui.InvokeLaterDispatcher.run()V @ 9

Internal exceptions (10 events):
Event: 42.316 Thread 0x00007fcdf3152800 Exception <a 'java/security/PrivilegedActionException'> (0x0000000796411588) thrown at [/Users/java_re/workspace/8-2-build-macosx-x86_64/jdk8u31/2394/hotspot/src/share/vm/prims/jvm.cpp, line 1312]
Event: 42.316 Thread 0x00007fcdf3152800 Exception <a 'java/security/PrivilegedActionException'> (0x0000000796413318) thrown at [/Users/java_re/workspace/8-2-build-macosx-x86_64/jdk8u31/2394/hotspot/src/share/vm/prims/jvm.cpp, line 1312]
Event: 52.180 Thread 0x00007fcdf3152800 Implicit null exception at 0x000000010a8dda48 to 0x000000010a8de325
Event: 88.630 Thread 0x00007fcdf3152800 Implicit null exception at 0x000000010a89956a to 0x000000010a89aecd
Event: 88.630 Thread 0x00007fcdf3152800 Implicit null exception at 0x000000010a91720e to 0x000000010a917265
Event: 89.681 Thread 0x00007fcdf3152800 Exception <a 'java/security/PrivilegedActionException'> (0x0000000796df8e98) thrown at [/Users/java_re/workspace/8-2-build-macosx-x86_64/jdk8u31/2394/hotspot/src/share/vm/prims/jvm.cpp, line 1312]
Event: 93.989 Thread 0x00007fcdf48af800 Exception <a 'java/security/PrivilegedActionException'> (0x0000000796b51c28) thrown at [/Users/java_re/workspace/8-2-build-macosx-x86_64/jdk8u31/2394/hotspot/src/share/vm/prims/jvm.cpp, line 1312]
Event: 93.990 Thread 0x00007fcdf48af800 Exception <a 'java/security/PrivilegedActionException'> (0x0000000796b54f88) thrown at [/Users/java_re/workspace/8-2-build-macosx-x86_64/jdk8u31/2394/hotspot/src/share/vm/prims/jvm.cpp, line 1312]
Event: 93.990 Thread 0x00007fcdf48af800 Exception <a 'java/security/PrivilegedActionException'> (0x0000000796e9f9e0) thrown at [/Users/java_re/workspace/8-2-build-macosx-x86_64/jdk8u31/2394/hotspot/src/share/vm/prims/jvm.cpp, line 1312]
Event: 93.991 Thread 0x00007fcdf48af800 Exception <a 'java/security/PrivilegedActionException'> (0x0000000796ea26e0) thrown at [/Users/java_re/workspace/8-2-build-macosx-x86_64/jdk8u31/2394/hotspot/src/share/vm/prims/jvm.cpp, line 1312]

Events (10 events):
Event: 1236.151 loading class javafx/application/Application done
Event: 1236.154 loading class com/sun/javafx/tk/quantum/QuantumRenderer
Event: 1236.154 loading class com/sun/javafx/tk/quantum/QuantumRenderer done
Event: 1236.154 loading class com/sun/javafx/tk/quantum/QuantumToolkit
Event: 1236.154 loading class com/sun/javafx/tk/quantum/QuantumToolkit done
Event: 1236.154 Thread 0x00007fcdf39bd800 Thread exited: 0x00007fcdf39bd800
Event: 1236.155 Thread 0x00007fcdf3196000 Thread exited: 0x00007fcdf3196000
Event: 1236.155 Thread 0x00007fcdf300b000 Thread exited: 0x00007fcdf300b000
Event: 1236.155 Thread 0x00007fcdf7913800 Thread added: 0x00007fcdf7913800
Event: 1236.155 Thread 0x00007fcdf3152800 Thread exited: 0x00007fcdf3152800


Dynamic libraries:
0x00000000066b2000 	/System/Library/Frameworks/Cocoa.framework/Versions/A/Cocoa
0x00000000066b2000 	/System/Library/Frameworks/Security.framework/Versions/A/Security
0x00000000066b2000 	/System/Library/Frameworks/ApplicationServices.framework/Versions/A/ApplicationServices
0x00000000066b2000 	/usr/lib/libz.1.dylib
0x00000000066b2000 	/usr/lib/libSystem.B.dylib
0x00000000066b2000 	/usr/lib/libobjc.A.dylib
0x00000000066b2000 	/System/Library/Frameworks/CoreFoundation.framework/Versions/A/CoreFoundation
0x00000000066b2000 	/System/Library/Frameworks/Foundation.framework/Versions/C/Foundation
0x00000000066b2000 	/System/Library/Frameworks/AppKit.framework/Versions/C/AppKit
0x00000000066b2000 	/System/Library/Frameworks/CoreData.framework/Versions/A/CoreData
0x00000000066b2000 	/System/Library/PrivateFrameworks/RemoteViewServices.framework/Versions/A/RemoteViewServices
0x00000000066b2000 	/System/Library/PrivateFrameworks/UIFoundation.framework/Versions/A/UIFoundation
0x00000000066b2000 	/System/Library/Frameworks/IOSurface.framework/Versions/A/IOSurface
0x00000000066b2000 	/System/Library/Frameworks/AudioToolbox.framework/Versions/A/AudioToolbox
0x00000000066b2000 	/System/Library/Frameworks/AudioUnit.framework/Versions/A/AudioUnit
0x00000000066b2000 	/System/Library/PrivateFrameworks/DataDetectorsCore.framework/Versions/A/DataDetectorsCore
0x00000000066b2000 	/System/Library/PrivateFrameworks/DesktopServicesPriv.framework/Versions/A/DesktopServicesPriv
0x00000000066b2000 	/System/Library/Frameworks/Carbon.framework/Versions/A/Frameworks/HIToolbox.framework/Versions/A/HIToolbox
0x00000000066b2000 	/System/Library/Frameworks/QuartzCore.framework/Versions/A/QuartzCore
0x00000000066b2000 	/System/Library/Frameworks/Carbon.framework/Versions/A/Frameworks/SpeechRecognition.framework/Versions/A/SpeechRecognition
0x00000000066b2000 	/usr/lib/libauto.dylib
0x00000000066b2000 	/usr/lib/libicucore.A.dylib
0x00000000066b2000 	/usr/lib/libxml2.2.dylib
0x00000000066b2000 	/System/Library/PrivateFrameworks/CoreUI.framework/Versions/A/CoreUI
0x00000000066b2000 	/System/Library/Frameworks/CoreAudio.framework/Versions/A/CoreAudio
0x00000000066b2000 	/System/Library/Frameworks/DiskArbitration.framework/Versions/A/DiskArbitration
0x00000000066b2000 	/usr/lib/liblangid.dylib
0x00000000066b2000 	/System/Library/PrivateFrameworks/MultitouchSupport.framework/Versions/A/MultitouchSupport
0x00000000066b2000 	/System/Library/Frameworks/IOKit.framework/Versions/A/IOKit
0x00000000066b2000 	/usr/lib/libDiagnosticMessagesClient.dylib
0x00000000066b2000 	/System/Library/Frameworks/CoreServices.framework/Versions/A/CoreServices
0x00000000066b2000 	/System/Library/PrivateFrameworks/PerformanceAnalysis.framework/Versions/A/PerformanceAnalysis
0x00000000066b2000 	/System/Library/PrivateFrameworks/GenerationalStorage.framework/Versions/A/GenerationalStorage
0x00000000066b2000 	/System/Library/Frameworks/OpenGL.framework/Versions/A/OpenGL
0x00000000066b2000 	/System/Library/PrivateFrameworks/Sharing.framework/Versions/A/Sharing
0x00000000066b2000 	/System/Library/Frameworks/CoreGraphics.framework/Versions/A/CoreGraphics
0x00000000066b2000 	/System/Library/Frameworks/CoreText.framework/Versions/A/CoreText
0x00000000066b2000 	/System/Library/Frameworks/ImageIO.framework/Versions/A/ImageIO
0x00000000066b2000 	/usr/lib/libextension.dylib
0x00000000066b2000 	/System/Library/PrivateFrameworks/Backup.framework/Versions/A/Backup
0x00000000066b2000 	/usr/lib/libarchive.2.dylib
0x00000000066b2000 	/System/Library/Frameworks/CFNetwork.framework/Versions/A/CFNetwork
0x00000000066b2000 	/System/Library/Frameworks/SystemConfiguration.framework/Versions/A/SystemConfiguration
0x00000000066b2000 	/usr/lib/libCRFSuite.dylib
0x00000000066b2000 	/usr/lib/libc++.1.dylib
0x00000000066b2000 	/usr/lib/libc++abi.dylib
0x00000000066b2000 	/usr/lib/system/libcache.dylib
0x00000000066b2000 	/usr/lib/system/libcommonCrypto.dylib
0x00000000066b2000 	/usr/lib/system/libcompiler_rt.dylib
0x00000000066b2000 	/usr/lib/system/libcopyfile.dylib
0x00000000066b2000 	/usr/lib/system/libcorecrypto.dylib
0x00000000066b2000 	/usr/lib/system/libdispatch.dylib
0x00000000066b2000 	/usr/lib/system/libdyld.dylib
0x00000000066b2000 	/usr/lib/system/libkeymgr.dylib
0x00000000066b2000 	/usr/lib/system/liblaunch.dylib
0x00000000066b2000 	/usr/lib/system/libmacho.dylib
0x00000000066b2000 	/usr/lib/system/libquarantine.dylib
0x00000000066b2000 	/usr/lib/system/libremovefile.dylib
0x00000000066b2000 	/usr/lib/system/libsystem_asl.dylib
0x00000000066b2000 	/usr/lib/system/libsystem_blocks.dylib
0x00000000066b2000 	/usr/lib/system/libsystem_c.dylib
0x00000000066b2000 	/usr/lib/system/libsystem_configuration.dylib
0x00000000066b2000 	/usr/lib/system/libsystem_coreservices.dylib
0x00000000066b2000 	/usr/lib/system/libsystem_coretls.dylib
0x00000000066b2000 	/usr/lib/system/libsystem_dnssd.dylib
0x00000000066b2000 	/usr/lib/system/libsystem_info.dylib
0x00000000066b2000 	/usr/lib/system/libsystem_kernel.dylib
0x00000000066b2000 	/usr/lib/system/libsystem_m.dylib
0x00000000066b2000 	/usr/lib/system/libsystem_malloc.dylib
0x00000000066b2000 	/usr/lib/system/libsystem_network.dylib
0x00000000066b2000 	/usr/lib/system/libsystem_networkextension.dylib
0x00000000066b2000 	/usr/lib/system/libsystem_notify.dylib
0x00000000066b2000 	/usr/lib/system/libsystem_platform.dylib
0x00000000066b2000 	/usr/lib/system/libsystem_pthread.dylib
0x00000000066b2000 	/usr/lib/system/libsystem_sandbox.dylib
0x00000000066b2000 	/usr/lib/system/libsystem_secinit.dylib
0x00000000066b2000 	/usr/lib/system/libsystem_stats.dylib
0x00000000066b2000 	/usr/lib/system/libsystem_trace.dylib
0x00000000066b2000 	/usr/lib/system/libunc.dylib
0x00000000066b2000 	/usr/lib/system/libunwind.dylib
0x00000000066b2000 	/usr/lib/system/libxpc.dylib
0x00000000066b2000 	/usr/lib/libbz2.1.0.dylib
0x00000000066b2000 	/usr/lib/liblzma.5.dylib
0x00000000066b2000 	/usr/lib/libbsm.0.dylib
0x00000000066b2000 	/usr/lib/libsqlite3.dylib
0x00000000066b2000 	/usr/lib/system/libkxld.dylib
0x00000000066b2000 	/usr/lib/libxar.1.dylib
0x00000000066b2000 	/usr/lib/libpam.2.dylib
0x00000000066b2000 	/usr/lib/libOpenScriptingUtil.dylib
0x00000000066b2000 	/System/Library/Frameworks/CoreServices.framework/Versions/A/Frameworks/FSEvents.framework/Versions/A/FSEvents
0x00000000066b2000 	/System/Library/Frameworks/CoreServices.framework/Versions/A/Frameworks/CarbonCore.framework/Versions/A/CarbonCore
0x00000000066b2000 	/System/Library/Frameworks/CoreServices.framework/Versions/A/Frameworks/Metadata.framework/Versions/A/Metadata
0x00000000066b2000 	/System/Library/Frameworks/CoreServices.framework/Versions/A/Frameworks/OSServices.framework/Versions/A/OSServices
0x00000000066b2000 	/System/Library/Frameworks/CoreServices.framework/Versions/A/Frameworks/SearchKit.framework/Versions/A/SearchKit
0x00000000066b2000 	/System/Library/Frameworks/CoreServices.framework/Versions/A/Frameworks/AE.framework/Versions/A/AE
0x00000000066b2000 	/System/Library/Frameworks/CoreServices.framework/Versions/A/Frameworks/LaunchServices.framework/Versions/A/LaunchServices
0x00000000066b2000 	/System/Library/Frameworks/CoreServices.framework/Versions/A/Frameworks/DictionaryServices.framework/Versions/A/DictionaryServices
0x00000000066b2000 	/System/Library/Frameworks/NetFS.framework/Versions/A/NetFS
0x00000000066b2000 	/System/Library/PrivateFrameworks/NetAuth.framework/Versions/A/NetAuth
0x00000000066b2000 	/System/Library/PrivateFrameworks/login.framework/Versions/A/Frameworks/loginsupport.framework/Versions/A/loginsupport
0x00000000066b2000 	/System/Library/PrivateFrameworks/TCC.framework/Versions/A/TCC
0x00000000066b2000 	/usr/lib/libmecabra.dylib
0x00000000066b2000 	/System/Library/Frameworks/ApplicationServices.framework/Versions/A/Frameworks/ATS.framework/Versions/A/ATS
0x00000000066b2000 	/System/Library/Frameworks/ApplicationServices.framework/Versions/A/Frameworks/ColorSync.framework/Versions/A/ColorSync
0x00000000066b2000 	/System/Library/Frameworks/ApplicationServices.framework/Versions/A/Frameworks/HIServices.framework/Versions/A/HIServices
0x00000000066b2000 	/System/Library/Frameworks/ApplicationServices.framework/Versions/A/Frameworks/LangAnalysis.framework/Versions/A/LangAnalysis
0x00000000066b2000 	/System/Library/Frameworks/ApplicationServices.framework/Versions/A/Frameworks/PrintCore.framework/Versions/A/PrintCore
0x00000000066b2000 	/System/Library/Frameworks/ApplicationServices.framework/Versions/A/Frameworks/QD.framework/Versions/A/QD
0x00000000066b2000 	/System/Library/Frameworks/ApplicationServices.framework/Versions/A/Frameworks/SpeechSynthesis.framework/Versions/A/SpeechSynthesis
0x00000000066b2000 	/System/Library/Frameworks/Accelerate.framework/Versions/A/Accelerate
0x00000000066b2000 	/System/Library/Frameworks/Accelerate.framework/Versions/A/Frameworks/vImage.framework/Versions/A/vImage
0x00000000066b2000 	/System/Library/Frameworks/Accelerate.framework/Versions/A/Frameworks/vecLib.framework/Versions/A/vecLib
0x00000000066b2000 	/System/Library/Frameworks/Accelerate.framework/Versions/A/Frameworks/vecLib.framework/Versions/A/libvDSP.dylib
0x00000000066b2000 	/System/Library/Frameworks/Accelerate.framework/Versions/A/Frameworks/vecLib.framework/Versions/A/libvMisc.dylib
0x00000000066b2000 	/System/Library/Frameworks/Accelerate.framework/Versions/A/Frameworks/vecLib.framework/Versions/A/libLAPACK.dylib
0x00000000066b2000 	/System/Library/Frameworks/Accelerate.framework/Versions/A/Frameworks/vecLib.framework/Versions/A/libBLAS.dylib
0x00000000066b2000 	/System/Library/Frameworks/Accelerate.framework/Versions/A/Frameworks/vecLib.framework/Versions/A/libLinearAlgebra.dylib
0x00000000066b2000 	/System/Library/Frameworks/ApplicationServices.framework/Versions/A/Frameworks/ATS.framework/Versions/A/Resources/libFontParser.dylib
0x00000000066b2000 	/System/Library/Frameworks/ApplicationServices.framework/Versions/A/Frameworks/ATS.framework/Versions/A/Resources/libFontRegistry.dylib
0x00000000066b2000 	/System/Library/PrivateFrameworks/AppleVPA.framework/Versions/A/AppleVPA
0x00000000066b2000 	/System/Library/PrivateFrameworks/AppleJPEG.framework/Versions/A/AppleJPEG
0x00000000066b2000 	/System/Library/Frameworks/ImageIO.framework/Versions/A/Resources/libJPEG.dylib
0x00000000066b2000 	/System/Library/Frameworks/ImageIO.framework/Versions/A/Resources/libTIFF.dylib
0x00000000066b2000 	/System/Library/Frameworks/ImageIO.framework/Versions/A/Resources/libPng.dylib
0x00000000066b2000 	/System/Library/Frameworks/ImageIO.framework/Versions/A/Resources/libGIF.dylib
0x00000000066b2000 	/System/Library/Frameworks/ImageIO.framework/Versions/A/Resources/libJP2.dylib
0x00000000066b2000 	/System/Library/Frameworks/ImageIO.framework/Versions/A/Resources/libRadiance.dylib
0x00000000066b2000 	/System/Library/Frameworks/CoreVideo.framework/Versions/A/CoreVideo
0x00000000066b2000 	/System/Library/Frameworks/OpenGL.framework/Versions/A/Libraries/libGLU.dylib
0x00000000066b2000 	/System/Library/Frameworks/OpenGL.framework/Versions/A/Libraries/libGFXShared.dylib
0x00000000066b2000 	/System/Library/Frameworks/OpenGL.framework/Versions/A/Libraries/libGL.dylib
0x00000000066b2000 	/System/Library/Frameworks/OpenGL.framework/Versions/A/Libraries/libGLImage.dylib
0x00000000066b2000 	/System/Library/Frameworks/OpenGL.framework/Versions/A/Libraries/libCVMSPluginSupport.dylib
0x00000000066b2000 	/System/Library/Frameworks/OpenGL.framework/Versions/A/Libraries/libCoreVMClient.dylib
0x00000000066b2000 	/usr/lib/libcups.2.dylib
0x00000000066b2000 	/System/Library/Frameworks/Kerberos.framework/Versions/A/Kerberos
0x00000000066b2000 	/System/Library/Frameworks/GSS.framework/Versions/A/GSS
0x00000000066b2000 	/usr/lib/libresolv.9.dylib
0x00000000066b2000 	/usr/lib/libiconv.2.dylib
0x00000000066b2000 	/System/Library/PrivateFrameworks/Heimdal.framework/Versions/A/Heimdal
0x00000000066b2000 	/usr/lib/libheimdal-asn1.dylib
0x00000000066b2000 	/System/Library/Frameworks/OpenDirectory.framework/Versions/A/OpenDirectory
0x00000000066b2000 	/System/Library/PrivateFrameworks/CommonAuth.framework/Versions/A/CommonAuth
0x00000000066b2000 	/System/Library/Frameworks/OpenDirectory.framework/Versions/A/Frameworks/CFOpenDirectory.framework/Versions/A/CFOpenDirectory
0x00000000066b2000 	/System/Library/Frameworks/SecurityFoundation.framework/Versions/A/SecurityFoundation
0x00000000066b2000 	/System/Library/PrivateFrameworks/LanguageModeling.framework/Versions/A/LanguageModeling
0x00000000066b2000 	/usr/lib/libcmph.dylib
0x00000000066b2000 	/System/Library/Frameworks/ServiceManagement.framework/Versions/A/ServiceManagement
0x00000000066b2000 	/usr/lib/libxslt.1.dylib
0x00000000066b2000 	/System/Library/Frameworks/Carbon.framework/Versions/A/Frameworks/Ink.framework/Versions/A/Ink
0x00000000066b2000 	/System/Library/Frameworks/QuartzCore.framework/Versions/A/Frameworks/CoreImage.framework/Versions/A/CoreImage
0x00000000066b2000 	/System/Library/PrivateFrameworks/CrashReporterSupport.framework/Versions/A/CrashReporterSupport
0x00000000066b2000 	/System/Library/Frameworks/OpenCL.framework/Versions/A/OpenCL
0x00000000066b2000 	/System/Library/PrivateFrameworks/FaceCore.framework/Versions/A/FaceCore
0x00000000066b2000 	/System/Library/PrivateFrameworks/Ubiquity.framework/Versions/A/Ubiquity
0x00000000066b2000 	/System/Library/PrivateFrameworks/IconServices.framework/Versions/A/IconServices
0x00000000066b2000 	/System/Library/PrivateFrameworks/ChunkingLibrary.framework/Versions/A/ChunkingLibrary
0x00000000066b2000 	/System/Library/PrivateFrameworks/Apple80211.framework/Versions/A/Apple80211
0x00000000066b2000 	/System/Library/Frameworks/CoreWLAN.framework/Versions/A/CoreWLAN
0x00000000066b2000 	/System/Library/Frameworks/IOBluetooth.framework/Versions/A/IOBluetooth
0x00000000066b2000 	/System/Library/PrivateFrameworks/CoreWiFi.framework/Versions/A/CoreWiFi
0x00000000066b2000 	/System/Library/Frameworks/CoreBluetooth.framework/Versions/A/CoreBluetooth
0x00000000066b2000 	/System/Library/PrivateFrameworks/DebugSymbols.framework/Versions/A/DebugSymbols
0x00000000066b2000 	/System/Library/PrivateFrameworks/CoreSymbolication.framework/Versions/A/CoreSymbolication
0x00000000066b2000 	/System/Library/PrivateFrameworks/Symbolication.framework/Versions/A/Symbolication
0x00000000066b2000 	/System/Library/PrivateFrameworks/SpeechRecognitionCore.framework/Versions/A/SpeechRecognitionCore
0x0000000109000000 	/Library/Java/JavaVirtualMachines/jdk1.8.0_31.jdk/Contents/Home/jre/lib/server/libjvm.dylib
0x00000000066b2000 	/usr/lib/libstdc++.6.dylib
0x00000001087ce000 	/Library/Java/JavaVirtualMachines/jdk1.8.0_31.jdk/Contents/Home/jre/lib/libverify.dylib
0x000000010a022000 	/Library/Java/JavaVirtualMachines/jdk1.8.0_31.jdk/Contents/Home/jre/lib/libjava.dylib
0x00000001087e6000 	/Library/Java/JavaVirtualMachines/jdk1.8.0_31.jdk/Contents/Home/jre/lib/libzip.dylib
0x00000001200cb000 	/System/Library/Frameworks/JavaVM.framework/Frameworks/JavaRuntimeSupport.framework/JavaRuntimeSupport
0x00000001200e3000 	/System/Library/Frameworks/JavaVM.framework/Versions/A/Frameworks/JavaNativeFoundation.framework/Versions/A/JavaNativeFoundation
0x00000001087f0000 	/System/Library/Frameworks/JavaVM.framework/Versions/A/JavaVM
0x00000000066b2000 	/System/Library/Frameworks/Carbon.framework/Versions/A/Carbon
0x00000001200f8000 	/System/Library/PrivateFrameworks/JavaLaunching.framework/Versions/A/JavaLaunching
0x00000000066b2000 	/System/Library/Frameworks/Carbon.framework/Versions/A/Frameworks/CommonPanels.framework/Versions/A/CommonPanels
0x00000000066b2000 	/System/Library/Frameworks/Carbon.framework/Versions/A/Frameworks/Help.framework/Versions/A/Help
0x00000000066b2000 	/System/Library/Frameworks/Carbon.framework/Versions/A/Frameworks/ImageCapture.framework/Versions/A/ImageCapture
0x00000000066b2000 	/System/Library/Frameworks/Carbon.framework/Versions/A/Frameworks/OpenScripting.framework/Versions/A/OpenScripting
0x00000000066b2000 	/System/Library/Frameworks/Carbon.framework/Versions/A/Frameworks/Print.framework/Versions/A/Print
0x00000000066b2000 	/System/Library/Frameworks/Carbon.framework/Versions/A/Frameworks/SecurityHI.framework/Versions/A/SecurityHI
0x00000001221ba000 	/Library/Java/JavaVirtualMachines/jdk1.8.0_31.jdk/Contents/Home/jre/lib/libprism_es2.dylib
0x00000000066b2000 	/System/Library/Frameworks/OpenGL.framework/Versions/A/Resources/GLEngine.bundle/GLEngine
0x00000000066b2000 	/System/Library/Frameworks/OpenGL.framework/Versions/A/Libraries/libGLProgrammability.dylib
0x0000000000000000 	/System/Library/Extensions/AppleIntelHD5000GraphicsGLDriver.bundle/Contents/MacOS/AppleIntelHD5000GraphicsGLDriver
0x00000000066b2000 	/System/Library/PrivateFrameworks/IOAccelerator.framework/Versions/A/IOAccelerator
0x00000000066b2000 	/System/Library/PrivateFrameworks/GPUSupport.framework/Versions/A/Libraries/libGPUSupportMercury.dylib
0x00000000066b2000 	/System/Library/Frameworks/OpenGL.framework/Versions/A/Resources/GLRendererFloat.bundle/GLRendererFloat
0x00000000066b2000 	/System/Library/Frameworks/OpenCL.framework/Versions/A/Libraries/libcldcpuengine.dylib
0x00000000066b2000 	/System/Library/PrivateFrameworks/DiskImages.framework/Versions/A/DiskImages
0x00000000066b2000 	/System/Library/Frameworks/DiscRecording.framework/Versions/A/DiscRecording
0x00000000066b2000 	/usr/lib/libcsfde.dylib
0x00000000066b2000 	/usr/lib/libcurl.4.dylib
0x00000000066b2000 	/System/Library/PrivateFrameworks/MediaKit.framework/Versions/A/MediaKit
0x00000000066b2000 	/System/Library/PrivateFrameworks/ProtectedCloudStorage.framework/Versions/A/ProtectedCloudStorage
0x00000000066b2000 	/usr/lib/libCoreStorage.dylib
0x00000000066b2000 	/System/Library/PrivateFrameworks/EFILogin.framework/Versions/A/EFILogin
0x00000000066b2000 	/usr/lib/libutil.dylib
0x00000000066b2000 	/System/Library/PrivateFrameworks/FindMyDevice.framework/Versions/A/FindMyDevice
0x00000000066b2000 	/System/Library/Frameworks/LDAP.framework/Versions/A/LDAP
0x00000000066b2000 	/usr/lib/libsasl2.2.dylib
0x00000000066b2000 	/System/Library/PrivateFrameworks/CoreDaemon.framework/Versions/B/CoreDaemon
0x00000000066b2000 	/usr/lib/libcrypto.0.9.8.dylib
0x00000000066b2000 	/System/Library/PrivateFrameworks/AppleSRP.framework/Versions/A/AppleSRP
0x00000000066b2000 	/System/Library/PrivateFrameworks/TrustEvaluationAgent.framework/Versions/A/TrustEvaluationAgent
0x000000012266b000 	/Library/Java/JavaVirtualMachines/jdk1.8.0_31.jdk/Contents/Home/jre/lib/libglass.dylib
0x00000000066b2000 	/System/Library/PrivateFrameworks/CoreServicesInternal.framework/Versions/A/CoreServicesInternal
0x00000000066b2000 	/System/Library/PrivateFrameworks/CloudDocs.framework/Versions/A/CloudDocs
0x00000000066b2000 	/System/Library/PrivateFrameworks/CoreDuet.framework/Versions/A/CoreDuet
0x00000000066b2000 	/System/Library/Frameworks/CloudKit.framework/Versions/A/CloudKit
0x00000000066b2000 	/System/Library/PrivateFrameworks/ProtocolBuffer.framework/Versions/A/ProtocolBuffer
0x00000000066b2000 	/System/Library/PrivateFrameworks/CoreDuetDaemonProtocol.framework/Versions/A/CoreDuetDaemonProtocol
0x00000000066b2000 	/System/Library/PrivateFrameworks/CoreDuetDebugLogging.framework/Versions/A/CoreDuetDebugLogging
0x00000000066b2000 	/System/Library/PrivateFrameworks/MMCS.framework/Versions/A/MMCS
0x00000000066b2000 	/System/Library/Frameworks/CoreLocation.framework/Versions/A/CoreLocation
0x00000000066b2000 	/System/Library/PrivateFrameworks/GeoServices.framework/Versions/A/GeoServices
0x00000000066b2000 	/System/Library/Frameworks/CoreGraphics.framework/Versions/A/Resources/libCGCMS.A.dylib
0x00000000066b2000 	/System/Library/CoreServices/RawCamera.bundle/Contents/MacOS/RawCamera
0x00000000066b2000 	/System/Library/Frameworks/CoreGraphics.framework/Versions/A/Resources/libRIP.A.dylib
0x00000000066b2000 	/System/Library/PrivateFrameworks/FamilyControls.framework/Versions/A/FamilyControls
0x00000000066b2000 	/System/Library/PrivateFrameworks/CommerceKit.framework/Versions/A/Frameworks/CommerceCore.framework/Versions/A/CommerceCore
0x00000000066b2000 	/System/Library/PrivateFrameworks/SystemAdministration.framework/Versions/A/SystemAdministration
0x00000000066b2000 	/System/Library/PrivateFrameworks/AppContainer.framework/Versions/A/AppContainer
0x00000000066b2000 	/System/Library/PrivateFrameworks/SecCodeWrapper.framework/Versions/A/SecCodeWrapper
0x00000000066b2000 	/System/Library/Frameworks/DirectoryService.framework/Versions/A/DirectoryService
0x00000000066b2000 	/System/Library/PrivateFrameworks/LoginUIKit.framework/Versions/A/Frameworks/LoginUICore.framework/Versions/A/LoginUICore
0x00000000066b2000 	/usr/lib/libodfde.dylib
0x0000000126047000 	/Library/Java/JavaVirtualMachines/jdk1.8.0_31.jdk/Contents/Home/jre/lib/libjavafx_font.dylib
0x00000000066b2000 	/System/Library/Frameworks/CoreGraphics.framework/Versions/A/Resources/libCGXType.A.dylib
0x00000001281ab000 	cl_kernels
0x00000001281ad000 	/System/Library/Frameworks/OpenCL.framework/Versions/A/Libraries/ImageFormats/unorm8_bgra.dylib
0x00000001282d7000 	cl_kernels
0x0000000127e67000 	/Library/Java/JavaVirtualMachines/jdk1.8.0_31.jdk/Contents/Home/jre/lib/libprism_common.dylib
0x0000000128b3c000 	/Library/Java/JavaVirtualMachines/jdk1.8.0_31.jdk/Contents/Home/jre/lib/libnet.dylib

VM Arguments:
jvm_args: -Dfile.encoding=UTF-8 
java_command: javafx.Main
java_class_path (initial): /Users/chrismcclune/Documents/GitHub Repositories/Programming-II/PAS/bin:/Library/Java/mysql-connector-java-5.1.34/mysql-connector-java-5.1.34-bin.jar:/Library/Java/Twilio jar file/twilio-java-sdk-3.8.0-jar-with-dependencies.jar:/Applications/eclipse - luna - JAVA/plugins/org.junit_4.11.0.v201303080030/junit.jar:/Applications/eclipse - luna - JAVA/plugins/org.hamcrest.core_1.3.0.v201303031735.jar:/Applications/eclipse - luna - JAVA/plugins/org.eclipse.fx.ide.css.jfx8_1.1.0.201411050807.jar
Launcher Type: SUN_STANDARD

Environment Variables:
PATH=/usr/bin:/bin:/usr/sbin:/sbin
SHELL=/bin/bash

Signal Handlers:
SIGSEGV: [libjvm.dylib+0x57a0e7], sa_mask[0]=11111111011111110111111111111111, sa_flags=SA_ONSTACK|SA_RESTART|SA_SIGINFO
SIGBUS: [libjvm.dylib+0x57a0e7], sa_mask[0]=11111111011111110111111111111111, sa_flags=SA_RESTART|SA_SIGINFO
SIGFPE: [libjvm.dylib+0x45af24], sa_mask[0]=11111111011111110111111111111111, sa_flags=SA_RESTART|SA_SIGINFO
SIGPIPE: [libjvm.dylib+0x45af24], sa_mask[0]=11111111011111110111111111111111, sa_flags=SA_RESTART|SA_SIGINFO
SIGXFSZ: [libjvm.dylib+0x45af24], sa_mask[0]=11111111011111110111111111111111, sa_flags=SA_RESTART|SA_SIGINFO
SIGILL: [libjvm.dylib+0x45af24], sa_mask[0]=11111111011111110111111111111111, sa_flags=SA_RESTART|SA_SIGINFO
SIGUSR1: SIG_DFL, sa_mask[0]=00000000000000000000000000000000, sa_flags=none
SIGUSR2: [libjvm.dylib+0x45aa42], sa_mask[0]=00100000000000000000000000000000, sa_flags=SA_RESTART|SA_SIGINFO
SIGHUP: [libjvm.dylib+0x459015], sa_mask[0]=11111111011111110111111111111111, sa_flags=SA_RESTART|SA_SIGINFO
SIGINT: [libjvm.dylib+0x459015], sa_mask[0]=11111111011111110111111111111111, sa_flags=SA_RESTART|SA_SIGINFO
SIGTERM: [libjvm.dylib+0x459015], sa_mask[0]=11111111011111110111111111111111, sa_flags=SA_RESTART|SA_SIGINFO
SIGQUIT: [libjvm.dylib+0x459015], sa_mask[0]=11111111011111110111111111111111, sa_flags=SA_RESTART|SA_SIGINFO


---------------  S Y S T E M  ---------------

OS:Bsduname:Darwin 14.3.0 Darwin Kernel Version 14.3.0: Mon Mar 23 11:59:05 PDT 2015; root:xnu-2782.20.48~5/RELEASE_X86_64 x86_64
rlimit: STACK 8192k, CORE 0k, NPROC 709, NOFILE 10240, AS infinity
load average:1.70 1.58 1.46

CPU:total 4 (2 cores per cpu, 2 threads per core) family 6 model 69 stepping 1, cmov, cx8, fxsr, mmx, sse, sse2, sse3, ssse3, sse4.1, sse4.2, popcnt, avx, avx2, aes, clmul, erms, lzcnt, ht, tsc, tscinvbit, bmi1, bmi2

Memory: 4k page, physical 8388608k(2834504k free)

/proc/meminfo:


vm_info: Java HotSpot(TM) 64-Bit Server VM (25.31-b07) for bsd-amd64 JRE (1.8.0_31-b13), built on Dec 17 2014 20:45:36 by "java_re" with gcc 4.2.1 (Based on Apple Inc. build 5658) (LLVM build 2336.11.00)

time: Thu Apr 30 17:02:07 2015
elapsed time: 1256 seconds (0d 0h 20m 56s)

